<?xml version="1.0" encoding="UTF-8"?>
<coverage generated="1661457470587" clover="3.2.0">
  <project timestamp="1661457470587" name="All files">
    <metrics statements="296" coveredstatements="193" conditionals="171" coveredconditionals="105" methods="91" coveredmethods="59" elements="558" coveredelements="357" complexity="0" loc="296" ncloc="296" packages="6" files="13" classes="13"/>
    <package name="bot.builder">
      <metrics statements="60" coveredstatements="41" conditionals="18" coveredconditionals="11" methods="13" coveredmethods="8"/>
      <file name="GameBoardBuilder.ts" path="C:\Users\CE1CECL\Documents\GitHub\discord-tictactoe\src\bot\builder\GameBoardBuilder.ts">
        <metrics statements="34" coveredstatements="34" conditionals="11" coveredconditionals="11" methods="7" coveredmethods="7"/>
        <line num="1" count="3" type="stmt"/>
        <line num="2" count="3" type="stmt"/>
        <line num="14" count="3" type="stmt"/>
        <line num="18" count="3" type="stmt"/>
        <line num="23" count="10" type="stmt"/>
        <line num="49" count="10" type="stmt"/>
        <line num="50" count="10" type="stmt"/>
        <line num="51" count="10" type="stmt"/>
        <line num="52" count="10" type="stmt"/>
        <line num="63" count="1" type="stmt"/>
        <line num="68" count="1" type="stmt"/>
        <line num="79" count="1" type="stmt"/>
        <line num="80" count="1" type="stmt"/>
        <line num="81" count="1" type="stmt"/>
        <line num="92" count="2" type="stmt"/>
        <line num="93" count="2" type="stmt"/>
        <line num="94" count="2" type="stmt"/>
        <line num="104" count="4" type="cond" truecount="2" falsecount="0"/>
        <line num="105" count="1" type="stmt"/>
        <line num="106" count="3" type="cond" truecount="2" falsecount="0"/>
        <line num="107" count="2" type="stmt"/>
        <line num="109" count="1" type="stmt"/>
        <line num="111" count="4" type="stmt"/>
        <line num="121" count="2" type="cond" truecount="2" falsecount="0"/>
        <line num="122" count="1" type="stmt"/>
        <line num="124" count="1" type="stmt"/>
        <line num="126" count="2" type="stmt"/>
        <line num="136" count="9" type="stmt"/>
        <line num="138" count="9" type="stmt"/>
        <line num="139" count="5" type="stmt"/>
        <line num="140" count="5" type="cond" truecount="1" falsecount="0"/>
        <line num="141" count="3" type="stmt"/>
        <line num="146" count="9" type="cond" truecount="4" falsecount="0"/>
        <line num="147" count="9" type="stmt"/>
      </file>
      <file name="GameBoardButtonBuilder.ts" path="C:\Users\CE1CECL\Documents\GitHub\discord-tictactoe\src\bot\builder\GameBoardButtonBuilder.ts">
        <metrics statements="26" coveredstatements="7" conditionals="7" coveredconditionals="0" methods="6" coveredmethods="1"/>
        <line num="1" count="2" type="stmt"/>
        <line num="4" count="2" type="stmt"/>
        <line num="18" count="2" type="stmt"/>
        <line num="23" count="1" type="stmt"/>
        <line num="28" count="1" type="stmt"/>
        <line num="33" count="1" type="stmt"/>
        <line num="38" count="1" type="stmt"/>
        <line num="46" count="0" type="stmt"/>
        <line num="47" count="0" type="stmt"/>
        <line num="56" count="0" type="cond" truecount="0" falsecount="2"/>
        <line num="57" count="0" type="stmt"/>
        <line num="59" count="0" type="stmt"/>
        <line num="68" count="0" type="stmt"/>
        <line num="69" count="0" type="stmt"/>
        <line num="77" count="0" type="stmt"/>
        <line num="90" count="0" type="stmt"/>
        <line num="91" count="0" type="stmt"/>
        <line num="92" count="0" type="stmt"/>
        <line num="94" count="0" type="cond" truecount="0" falsecount="2"/>
        <line num="95" count="0" type="cond" truecount="0" falsecount="2"/>
        <line num="96" count="0" type="stmt"/>
        <line num="98" count="0" type="stmt"/>
        <line num="101" count="0" type="cond" truecount="0" falsecount="1"/>
        <line num="102" count="0" type="stmt"/>
        <line num="105" count="0" type="stmt"/>
        <line num="108" count="0" type="stmt"/>
      </file>
    </package>
    <package name="bot.entity">
      <metrics statements="29" coveredstatements="4" conditionals="16" coveredconditionals="0" methods="11" coveredmethods="0"/>
      <file name="DuelRequest.ts" path="C:\Users\CE1CECL\Documents\GitHub\discord-tictactoe\src\bot\entity\DuelRequest.ts">
        <metrics statements="29" coveredstatements="4" conditionals="16" coveredconditionals="0" methods="11" coveredmethods="0"/>
        <line num="1" count="1" type="stmt"/>
        <line num="4" count="1" type="stmt"/>
        <line num="24" count="1" type="stmt"/>
        <line num="28" count="1" type="stmt"/>
        <line num="66" count="0" type="stmt"/>
        <line num="67" count="0" type="stmt"/>
        <line num="68" count="0" type="stmt"/>
        <line num="69" count="0" type="cond" truecount="0" falsecount="4"/>
        <line num="70" count="0" type="cond" truecount="0" falsecount="4"/>
        <line num="80" count="0" type="stmt"/>
        <line num="84" count="0" type="stmt"/>
        <line num="104" count="0" type="cond" truecount="0" falsecount="2"/>
        <line num="105" count="0" type="stmt"/>
        <line num="106" count="0" type="stmt"/>
        <line num="109" count="0" type="stmt"/>
        <line num="112" count="0" type="cond" truecount="0" falsecount="3"/>
        <line num="122" count="0" type="stmt"/>
        <line num="124" count="0" type="stmt"/>
        <line num="129" count="0" type="stmt"/>
        <line num="130" count="0" type="cond" truecount="0" falsecount="1"/>
        <line num="131" count="0" type="stmt"/>
        <line num="145" count="0" type="stmt"/>
        <line num="146" count="0" type="stmt"/>
        <line num="157" count="0" type="stmt"/>
        <line num="167" count="0" type="cond" truecount="0" falsecount="2"/>
        <line num="168" count="0" type="stmt"/>
        <line num="169" count="0" type="stmt"/>
        <line num="171" count="0" type="stmt"/>
        <line num="183" count="0" type="stmt"/>
      </file>
    </package>
    <package name="bot.messaging">
      <metrics statements="37" coveredstatements="10" conditionals="16" coveredconditionals="0" methods="14" coveredmethods="4"/>
      <file name="ComponentInteractionMessagingTunnel.ts" path="C:\Users\CE1CECL\Documents\GitHub\discord-tictactoe\src\bot\messaging\ComponentInteractionMessagingTunnel.ts">
        <metrics statements="16" coveredstatements="2" conditionals="10" coveredconditionals="0" methods="7" coveredmethods="0"/>
        <line num="1" count="1" type="stmt"/>
        <line num="11" count="1" type="stmt"/>
        <line num="36" count="0" type="stmt"/>
        <line num="37" count="0" type="stmt"/>
        <line num="38" count="0" type="stmt"/>
        <line num="45" count="0" type="cond" truecount="0" falsecount="4"/>
        <line num="52" count="0" type="stmt"/>
        <line num="59" count="0" type="stmt"/>
        <line num="66" count="0" type="cond" truecount="0" falsecount="2"/>
        <line num="67" count="0" type="stmt"/>
        <line num="69" count="0" type="stmt"/>
        <line num="75" count="0" type="stmt"/>
        <line num="82" count="0" type="stmt"/>
        <line num="89" count="0" type="stmt"/>
        <line num="90" count="0" type="cond" truecount="0" falsecount="4"/>
        <line num="91" count="0" type="stmt"/>
      </file>
      <file name="MessagingTunnel.ts" path="C:\Users\CE1CECL\Documents\GitHub\discord-tictactoe\src\bot\messaging\MessagingTunnel.ts">
        <metrics statements="1" coveredstatements="1" conditionals="0" coveredconditionals="0" methods="0" coveredmethods="0"/>
        <line num="19" count="2" type="stmt"/>
      </file>
      <file name="TextMessagingTunnel.ts" path="C:\Users\CE1CECL\Documents\GitHub\discord-tictactoe\src\bot\messaging\TextMessagingTunnel.ts">
        <metrics statements="20" coveredstatements="7" conditionals="6" coveredconditionals="0" methods="7" coveredmethods="4"/>
        <line num="1" count="1" type="stmt"/>
        <line num="11" count="1" type="stmt"/>
        <line num="29" count="3" type="stmt"/>
        <line num="30" count="3" type="stmt"/>
        <line num="37" count="1" type="stmt"/>
        <line num="44" count="1" type="stmt"/>
        <line num="51" count="2" type="stmt"/>
        <line num="58" count="0" type="cond" truecount="0" falsecount="2"/>
        <line num="59" count="0" type="stmt"/>
        <line num="61" count="0" type="stmt"/>
        <line num="63" count="0" type="stmt"/>
        <line num="70" count="0" type="cond" truecount="0" falsecount="1"/>
        <line num="71" count="0" type="stmt"/>
        <line num="79" count="0" type="cond" truecount="0" falsecount="1"/>
        <line num="80" count="0" type="cond" truecount="0" falsecount="1"/>
        <line num="81" count="0" type="stmt"/>
        <line num="82" count="0" type="stmt"/>
        <line num="87" count="0" type="cond" truecount="0" falsecount="1"/>
        <line num="88" count="0" type="stmt"/>
        <line num="90" count="0" type="stmt"/>
      </file>
    </package>
    <package name="bot.state">
      <metrics statements="47" coveredstatements="46" conditionals="49" coveredconditionals="42" methods="18" coveredmethods="18"/>
      <file name="GameStateManager.ts" path="C:\Users\CE1CECL\Documents\GitHub\discord-tictactoe\src\bot\state\GameStateManager.ts">
        <metrics statements="27" coveredstatements="27" conditionals="14" coveredconditionals="13" methods="5" coveredmethods="5"/>
        <line num="1" count="1" type="stmt"/>
        <line num="2" count="1" type="stmt"/>
        <line num="4" count="1" type="stmt"/>
        <line num="6" count="1" type="stmt"/>
        <line num="16" count="1" type="stmt"/>
        <line num="41" count="8" type="stmt"/>
        <line num="42" count="8" type="stmt"/>
        <line num="43" count="8" type="stmt"/>
        <line num="44" count="8" type="stmt"/>
        <line num="54" count="4" type="cond" truecount="1" falsecount="0"/>
        <line num="55" count="3" type="stmt"/>
        <line num="64" count="3" type="stmt"/>
        <line num="65" count="3" type="stmt"/>
        <line num="68" count="3" type="cond" truecount="4" falsecount="0"/>
        <line num="69" count="3" type="cond" truecount="1" falsecount="0"/>
        <line num="70" count="1" type="stmt"/>
        <line num="82" count="2" type="cond" truecount="1" falsecount="0"/>
        <line num="83" count="1" type="stmt"/>
        <line num="91" count="1" type="stmt"/>
        <line num="94" count="1" type="stmt"/>
        <line num="95" count="1" type="stmt"/>
        <line num="106" count="4" type="cond" truecount="2" falsecount="0"/>
        <line num="107" count="2" type="stmt"/>
        <line num="109" count="3" type="stmt"/>
        <line num="111" count="2" type="cond" truecount="1" falsecount="0"/>
        <line num="112" count="1" type="stmt"/>
        <line num="117" count="4" type="stmt"/>
      </file>
      <file name="GameStateValidator.ts" path="C:\Users\CE1CECL\Documents\GitHub\discord-tictactoe\src\bot\state\GameStateValidator.ts">
        <metrics statements="20" coveredstatements="19" conditionals="35" coveredconditionals="29" methods="13" coveredmethods="13"/>
        <line num="13" count="2" type="stmt"/>
        <line num="18" count="2" type="stmt"/>
        <line num="37" count="23" type="stmt"/>
        <line num="44" count="91" type="stmt"/>
        <line num="51" count="7" type="stmt"/>
        <line num="62" count="23" type="cond" truecount="0" falsecount="1"/>
        <line num="63" count="0" type="stmt"/>
        <line num="65" count="23" type="stmt"/>
        <line num="70" count="17" type="stmt"/>
        <line num="71" count="31" type="cond" truecount="2" falsecount="0"/>
        <line num="77" count="13" type="stmt"/>
        <line num="90" count="23" type="stmt"/>
        <line num="108" count="23" type="cond" truecount="9" falsecount="3"/>
        <line num="112" count="23" type="cond" truecount="1" falsecount="0"/>
        <line num="113" count="2" type="stmt"/>
        <line num="118" count="23" type="stmt"/>
        <line num="130" count="21" type="cond" truecount="2" falsecount="0"/>
        <line num="142" count="21" type="stmt"/>
        <line num="146" count="4" type="stmt"/>
        <line num="159" count="19" type="stmt"/>
      </file>
    </package>
    <package name="i18n">
      <metrics statements="36" coveredstatements="36" conditionals="31" coveredconditionals="28" methods="9" coveredmethods="9"/>
      <file name="I18nProvider.ts" path="C:\Users\CE1CECL\Documents\GitHub\discord-tictactoe\src\i18n\I18nProvider.ts">
        <metrics statements="31" coveredstatements="31" conditionals="31" coveredconditionals="28" methods="7" coveredmethods="7"/>
        <line num="1" count="8" type="stmt"/>
        <line num="2" count="8" type="stmt"/>
        <line num="11" count="8" type="stmt"/>
        <line num="15" count="8" type="stmt"/>
        <line num="19" count="8" type="stmt"/>
        <line num="31" count="18" type="cond" truecount="3" falsecount="1"/>
        <line num="32" count="18" type="stmt"/>
        <line num="34" count="18" type="stmt"/>
        <line num="37" count="234" type="stmt"/>
        <line num="47" count="10" type="cond" truecount="3" falsecount="1"/>
        <line num="48" count="10" type="stmt"/>
        <line num="50" count="10" type="cond" truecount="4" falsecount="0"/>
        <line num="51" count="3" type="stmt"/>
        <line num="57" count="10" type="stmt"/>
        <line num="58" count="10" type="cond" truecount="1" falsecount="0"/>
        <line num="59" count="9" type="stmt"/>
        <line num="62" count="8" type="stmt"/>
        <line num="68" count="10" type="cond" truecount="1" falsecount="0"/>
        <line num="69" count="2" type="stmt"/>
        <line num="70" count="2" type="cond" truecount="4" falsecount="0"/>
        <line num="83" count="17" type="cond" truecount="4" falsecount="0"/>
        <line num="84" count="15" type="stmt"/>
        <line num="86" count="15" type="cond" truecount="1" falsecount="0"/>
        <line num="87" count="4" type="stmt"/>
        <line num="88" count="6" type="stmt"/>
        <line num="92" count="15" type="stmt"/>
        <line num="94" count="2" type="stmt"/>
        <line num="95" count="2" type="stmt"/>
        <line num="104" count="40" type="stmt"/>
        <line num="105" count="184" type="stmt"/>
        <line num="106" count="184" type="cond" truecount="5" falsecount="1"/>
      </file>
      <file name="localize.ts" path="C:\Users\CE1CECL\Documents\GitHub\discord-tictactoe\src\i18n\localize.ts">
        <metrics statements="5" coveredstatements="5" conditionals="0" coveredconditionals="0" methods="2" coveredmethods="2"/>
        <line num="1" count="7" type="stmt"/>
        <line num="3" count="7" type="stmt"/>
        <line num="5" count="7" type="stmt"/>
        <line num="6" count="7" type="stmt"/>
        <line num="8" count="7" type="stmt"/>
      </file>
    </package>
    <package name="tictactoe">
      <metrics statements="87" coveredstatements="56" conditionals="41" coveredconditionals="24" methods="26" coveredmethods="20"/>
      <file name="AI.ts" path="C:\Users\CE1CECL\Documents\GitHub\discord-tictactoe\src\tictactoe\AI.ts">
        <metrics statements="33" coveredstatements="3" conditionals="16" coveredconditionals="0" methods="6" coveredmethods="0"/>
        <line num="1" count="3" type="stmt"/>
        <line num="4" count="3" type="stmt"/>
        <line num="12" count="3" type="stmt"/>
        <line num="16" count="0" type="stmt"/>
        <line num="20" count="0" type="stmt"/>
        <line num="28" count="0" type="cond" truecount="0" falsecount="2"/>
        <line num="29" count="0" type="stmt"/>
        <line num="31" count="0" type="stmt"/>
        <line num="39" count="0" type="stmt"/>
        <line num="50" count="0" type="stmt"/>
        <line num="51" count="0" type="stmt"/>
        <line num="55" count="0" type="cond" truecount="0" falsecount="2"/>
        <line num="56" count="0" type="stmt"/>
        <line num="58" count="0" type="stmt"/>
        <line num="62" count="0" type="cond" truecount="0" falsecount="3"/>
        <line num="63" count="0" type="stmt"/>
        <line num="67" count="0" type="stmt"/>
        <line num="68" count="0" type="cond" truecount="0" falsecount="1"/>
        <line num="69" count="0" type="stmt"/>
        <line num="70" count="0" type="stmt"/>
        <line num="72" count="0" type="stmt"/>
        <line num="73" count="0" type="stmt"/>
        <line num="75" count="0" type="cond" truecount="0" falsecount="2"/>
        <line num="76" count="0" type="cond" truecount="0" falsecount="1"/>
        <line num="77" count="0" type="stmt"/>
        <line num="80" count="0" type="cond" truecount="0" falsecount="1"/>
        <line num="81" count="0" type="stmt"/>
        <line num="87" count="0" type="stmt"/>
        <line num="96" count="0" type="cond" truecount="0" falsecount="2"/>
        <line num="97" count="0" type="stmt"/>
        <line num="98" count="0" type="cond" truecount="0" falsecount="2"/>
        <line num="100" count="0" type="stmt"/>
        <line num="102" count="0" type="stmt"/>
      </file>
      <file name="Game.ts" path="C:\Users\CE1CECL\Documents\GitHub\discord-tictactoe\src\tictactoe\Game.ts">
        <metrics statements="48" coveredstatements="48" conditionals="21" coveredconditionals="21" methods="19" coveredmethods="19"/>
        <line num="1" count="2" type="stmt"/>
        <line num="9" count="2" type="stmt"/>
        <line num="37" count="20" type="stmt"/>
        <line num="38" count="20" type="stmt"/>
        <line num="39" count="20" type="stmt"/>
        <line num="42" count="20" type="cond" truecount="2" falsecount="0"/>
        <line num="45" count="20" type="stmt"/>
        <line num="46" count="287" type="stmt"/>
        <line num="54" count="1915" type="stmt"/>
        <line num="61" count="1232" type="stmt"/>
        <line num="68" count="8" type="cond" truecount="2" falsecount="0"/>
        <line num="75" count="5" type="stmt"/>
        <line num="82" count="16" type="stmt"/>
        <line num="89" count="24" type="stmt"/>
        <line num="96" count="10" type="stmt"/>
        <line num="103" count="18" type="stmt"/>
        <line num="110" count="1" type="stmt"/>
        <line num="111" count="1" type="stmt"/>
        <line num="112" count="9" type="stmt"/>
        <line num="114" count="1" type="stmt"/>
        <line num="123" count="4" type="cond" truecount="2" falsecount="0"/>
        <line num="134" count="72" type="stmt"/>
        <line num="135" count="72" type="stmt"/>
        <line num="142" count="2" type="stmt"/>
        <line num="151" count="72" type="stmt"/>
        <line num="152" count="198" type="stmt"/>
        <line num="153" count="198" type="stmt"/>
        <line num="154" count="198" type="stmt"/>
        <line num="156" count="198" type="cond" truecount="3" falsecount="0"/>
        <line num="157" count="11" type="stmt"/>
        <line num="162" count="61" type="stmt"/>
        <line num="163" count="177" type="stmt"/>
        <line num="164" count="177" type="stmt"/>
        <line num="165" count="177" type="stmt"/>
        <line num="167" count="177" type="cond" truecount="3" falsecount="0"/>
        <line num="168" count="3" type="stmt"/>
        <line num="173" count="58" type="stmt"/>
        <line num="174" count="58" type="stmt"/>
        <line num="175" count="58" type="stmt"/>
        <line num="176" count="58" type="stmt"/>
        <line num="177" count="58" type="stmt"/>
        <line num="179" count="58" type="cond" truecount="3" falsecount="0"/>
        <line num="180" count="1" type="stmt"/>
        <line num="182" count="57" type="cond" truecount="3" falsecount="0"/>
        <line num="183" count="3" type="stmt"/>
        <line num="186" count="54" type="stmt"/>
        <line num="197" count="1415" type="stmt"/>
        <line num="207" count="547" type="stmt"/>
      </file>
      <file name="Player.ts" path="C:\Users\CE1CECL\Documents\GitHub\discord-tictactoe\src\tictactoe\Player.ts">
        <metrics statements="6" coveredstatements="5" conditionals="4" coveredconditionals="3" methods="1" coveredmethods="1"/>
        <line num="28" count="5" type="stmt"/>
        <line num="29" count="2" type="cond" truecount="1" falsecount="1"/>
        <line num="30" count="0" type="stmt"/>
        <line num="31" count="2" type="cond" truecount="2" falsecount="0"/>
        <line num="32" count="1" type="stmt"/>
        <line num="34" count="1" type="stmt"/>
      </file>
    </package>
  </project>
</coverage>
