{"C:\\Users\\CE1CECL\\Documents\\GitHub\\discord-tictactoe\\src\\bot\\builder\\GameBoardBuilder.ts": {"path":"C:\\Users\\CE1CECL\\Documents\\GitHub\\discord-tictactoe\\src\\bot\\builder\\GameBoardBuilder.ts","statementMap":{"0":{"start":{"line":1,"column":0},"end":{"line":1,"column":38}},"1":{"start":{"line":2,"column":0},"end":{"line":2,"column":31}},"2":{"start":{"line":23,"column":14},"end":{"line":23,"column":43}},"3":{"start":{"line":49,"column":8},"end":{"line":49,"column":24}},"4":{"start":{"line":50,"column":8},"end":{"line":50,"column":24}},"5":{"start":{"line":51,"column":8},"end":{"line":51,"column":27}},"6":{"start":{"line":52,"column":8},"end":{"line":52,"column":28}},"7":{"start":{"line":63,"column":8},"end":{"line":67,"column":24}},"8":{"start":{"line":68,"column":8},"end":{"line":68,"column":20}},"9":{"start":{"line":79,"column":8},"end":{"line":79,"column":32}},"10":{"start":{"line":80,"column":8},"end":{"line":80,"column":33}},"11":{"start":{"line":81,"column":8},"end":{"line":81,"column":20}},"12":{"start":{"line":92,"column":8},"end":{"line":92,"column":35}},"13":{"start":{"line":93,"column":8},"end":{"line":93,"column":31}},"14":{"start":{"line":94,"column":8},"end":{"line":94,"column":20}},"15":{"start":{"line":104,"column":8},"end":{"line":110,"column":null}},"16":{"start":{"line":105,"column":12},"end":{"line":105,"column":56}},"17":{"start":{"line":106,"column":15},"end":{"line":110,"column":null}},"18":{"start":{"line":107,"column":12},"end":{"line":107,"column":50}},"19":{"start":{"line":109,"column":12},"end":{"line":109,"column":83}},"20":{"start":{"line":111,"column":8},"end":{"line":111,"column":20}},"21":{"start":{"line":121,"column":8},"end":{"line":125,"column":null}},"22":{"start":{"line":122,"column":12},"end":{"line":122,"column":80}},"23":{"start":{"line":124,"column":12},"end":{"line":124,"column":49}},"24":{"start":{"line":126,"column":8},"end":{"line":126,"column":20}},"25":{"start":{"line":136,"column":20},"end":{"line":136,"column":22}},"26":{"start":{"line":138,"column":8},"end":{"line":143,"column":null}},"27":{"start":{"line":138,"column":21},"end":{"line":138,"column":22}},"28":{"start":{"line":139,"column":12},"end":{"line":139,"column":59}},"29":{"start":{"line":140,"column":12},"end":{"line":142,"column":null}},"30":{"start":{"line":141,"column":16},"end":{"line":141,"column":30}},"31":{"start":{"line":146,"column":22},"end":{"line":146,"column":74}},"32":{"start":{"line":147,"column":8},"end":{"line":150,"column":10}},"33":{"start":{"line":14,"column":0},"end":{"line":14,"column":21}},"34":{"start":{"line":18,"column":27},"end":{"line":18,"column":99}}},"fnMap":{"0":{"name":"(anonymous_1)","decl":{"start":{"line":48,"column":4},"end":{"line":48,"column":null}},"loc":{"start":{"line":48,"column":4},"end":{"line":53,"column":5}}},"1":{"name":"(anonymous_2)","decl":{"start":{"line":62,"column":4},"end":{"line":62,"column":13}},"loc":{"start":{"line":62,"column":46},"end":{"line":69,"column":5}}},"2":{"name":"(anonymous_3)","decl":{"start":{"line":78,"column":4},"end":{"line":78,"column":15}},"loc":{"start":{"line":78,"column":45},"end":{"line":82,"column":5}}},"3":{"name":"(anonymous_4)","decl":{"start":{"line":91,"column":4},"end":{"line":91,"column":13}},"loc":{"start":{"line":91,"column":48},"end":{"line":95,"column":5}}},"4":{"name":"(anonymous_5)","decl":{"start":{"line":103,"column":4},"end":{"line":103,"column":21}},"loc":{"start":{"line":103,"column":37},"end":{"line":112,"column":5}}},"5":{"name":"(anonymous_6)","decl":{"start":{"line":120,"column":4},"end":{"line":120,"column":21}},"loc":{"start":{"line":120,"column":37},"end":{"line":127,"column":5}}},"6":{"name":"(anonymous_7)","decl":{"start":{"line":134,"column":4},"end":{"line":134,"column":20}},"loc":{"start":{"line":134,"column":20},"end":{"line":151,"column":5}}}},"branchMap":{"0":{"loc":{"start":{"line":104,"column":8},"end":{"line":110,"column":null}},"type":"if","locations":[{"start":{"line":104,"column":8},"end":{"line":110,"column":null}},{"start":{"line":106,"column":15},"end":{"line":110,"column":null}}]},"1":{"loc":{"start":{"line":106,"column":15},"end":{"line":110,"column":null}},"type":"if","locations":[{"start":{"line":106,"column":15},"end":{"line":110,"column":null}},{"start":{"line":108,"column":15},"end":{"line":110,"column":null}}]},"2":{"loc":{"start":{"line":121,"column":8},"end":{"line":125,"column":null}},"type":"if","locations":[{"start":{"line":121,"column":8},"end":{"line":125,"column":null}},{"start":{"line":123,"column":15},"end":{"line":125,"column":null}}]},"3":{"loc":{"start":{"line":140,"column":12},"end":{"line":142,"column":null}},"type":"if","locations":[{"start":{"line":140,"column":12},"end":{"line":142,"column":null}}]},"4":{"loc":{"start":{"line":146,"column":22},"end":{"line":146,"column":74}},"type":"cond-expr","locations":[{"start":{"line":146,"column":44},"end":{"line":146,"column":61}},{"start":{"line":146,"column":64},"end":{"line":146,"column":74}}]},"5":{"loc":{"start":{"line":146,"column":22},"end":{"line":146,"column":41}},"type":"binary-expr","locations":[{"start":{"line":146,"column":22},"end":{"line":146,"column":32}},{"start":{"line":146,"column":36},"end":{"line":146,"column":41}}]}},"s":{"0":3,"1":3,"2":10,"3":10,"4":10,"5":10,"6":10,"7":1,"8":1,"9":1,"10":1,"11":1,"12":2,"13":2,"14":2,"15":4,"16":1,"17":3,"18":2,"19":1,"20":4,"21":2,"22":1,"23":1,"24":2,"25":9,"26":9,"27":9,"28":5,"29":5,"30":3,"31":9,"32":9,"33":3,"34":3},"f":{"0":10,"1":1,"2":1,"3":2,"4":4,"5":2,"6":9},"b":{"0":[1,3],"1":[2,1],"2":[1,1],"3":[3],"4":[1,8],"5":[9,6]}}
,"C:\\Users\\CE1CECL\\Documents\\GitHub\\discord-tictactoe\\src\\bot\\builder\\GameBoardButtonBuilder.ts": {"path":"C:\\Users\\CE1CECL\\Documents\\GitHub\\discord-tictactoe\\src\\bot\\builder\\GameBoardButtonBuilder.ts","statementMap":{"0":{"start":{"line":1,"column":0},"end":{"line":1,"column":61}},"1":{"start":{"line":4,"column":0},"end":{"line":4,"column":null}},"2":{"start":{"line":23,"column":12},"end":{"line":23,"column":38}},"3":{"start":{"line":28,"column":12},"end":{"line":28,"column":94}},"4":{"start":{"line":33,"column":12},"end":{"line":33,"column":34}},"5":{"start":{"line":38,"column":12},"end":{"line":38,"column":44}},"6":{"start":{"line":46,"column":8},"end":{"line":46,"column":44}},"7":{"start":{"line":47,"column":8},"end":{"line":47,"column":20}},"8":{"start":{"line":56,"column":8},"end":{"line":60,"column":null}},"9":{"start":{"line":57,"column":12},"end":{"line":57,"column":51}},"10":{"start":{"line":59,"column":12},"end":{"line":59,"column":24}},"11":{"start":{"line":68,"column":8},"end":{"line":68,"column":34}},"12":{"start":{"line":69,"column":8},"end":{"line":69,"column":48}},"13":{"start":{"line":77,"column":8},"end":{"line":79,"column":10}},"14":{"start":{"line":90,"column":23},"end":{"line":90,"column":42}},"15":{"start":{"line":91,"column":28},"end":{"line":91,"column":54}},"16":{"start":{"line":92,"column":27},"end":{"line":92,"column":54}},"17":{"start":{"line":94,"column":8},"end":{"line":106,"column":null}},"18":{"start":{"line":95,"column":12},"end":{"line":99,"column":null}},"19":{"start":{"line":96,"column":16},"end":{"line":96,"column":58}},"20":{"start":{"line":98,"column":16},"end":{"line":98,"column":67}},"21":{"start":{"line":101,"column":12},"end":{"line":103,"column":null}},"22":{"start":{"line":102,"column":16},"end":{"line":102,"column":41}},"23":{"start":{"line":105,"column":12},"end":{"line":105,"column":33}},"24":{"start":{"line":108,"column":8},"end":{"line":108,"column":98}},"25":{"start":{"line":18,"column":0},"end":{"line":18,"column":21}}},"fnMap":{"0":{"name":"(anonymous_1)","decl":{"start":{"line":18,"column":0},"end":{"line":18,"column":21}},"loc":{"start":{"line":18,"column":0},"end":{"line":110,"column":1}}},"1":{"name":"(anonymous_2)","decl":{"start":{"line":45,"column":11},"end":{"line":45,"column":38}},"loc":{"start":{"line":45,"column":38},"end":{"line":48,"column":5}}},"2":{"name":"(anonymous_3)","decl":{"start":{"line":54,"column":13},"end":{"line":54,"column":30}},"loc":{"start":{"line":54,"column":46},"end":{"line":61,"column":5}}},"3":{"name":"(anonymous_4)","decl":{"start":{"line":67,"column":13},"end":{"line":67,"column":24}},"loc":{"start":{"line":67,"column":54},"end":{"line":70,"column":5}}},"4":{"name":"(anonymous_5)","decl":{"start":{"line":76,"column":13},"end":{"line":76,"column":29}},"loc":{"start":{"line":76,"column":29},"end":{"line":80,"column":5}}},"5":{"name":"(anonymous_6)","decl":{"start":{"line":89,"column":12},"end":{"line":89,"column":24}},"loc":{"start":{"line":89,"column":49},"end":{"line":109,"column":5}}}},"branchMap":{"0":{"loc":{"start":{"line":56,"column":8},"end":{"line":60,"column":null}},"type":"if","locations":[{"start":{"line":56,"column":8},"end":{"line":60,"column":null}},{"start":{"line":58,"column":15},"end":{"line":60,"column":null}}]},"1":{"loc":{"start":{"line":94,"column":8},"end":{"line":106,"column":null}},"type":"if","locations":[{"start":{"line":94,"column":8},"end":{"line":106,"column":null}},{"start":{"line":104,"column":15},"end":{"line":106,"column":null}}]},"2":{"loc":{"start":{"line":95,"column":12},"end":{"line":99,"column":null}},"type":"if","locations":[{"start":{"line":95,"column":12},"end":{"line":99,"column":null}},{"start":{"line":97,"column":19},"end":{"line":99,"column":null}}]},"3":{"loc":{"start":{"line":101,"column":12},"end":{"line":103,"column":null}},"type":"if","locations":[{"start":{"line":101,"column":12},"end":{"line":103,"column":null}}]}},"s":{"0":2,"1":2,"2":1,"3":1,"4":1,"5":1,"6":0,"7":0,"8":0,"9":0,"10":0,"11":0,"12":0,"13":0,"14":0,"15":0,"16":0,"17":0,"18":0,"19":0,"20":0,"21":0,"22":0,"23":0,"24":0,"25":2},"f":{"0":1,"1":0,"2":0,"3":0,"4":0,"5":0},"b":{"0":[0,0],"1":[0,0],"2":[0,0],"3":[0]}}
,"C:\\Users\\CE1CECL\\Documents\\GitHub\\discord-tictactoe\\src\\bot\\entity\\DuelRequest.ts": {"path":"C:\\Users\\CE1CECL\\Documents\\GitHub\\discord-tictactoe\\src\\bot\\entity\\DuelRequest.ts","statementMap":{"0":{"start":{"line":1,"column":0},"end":{"line":1,"column":101}},"1":{"start":{"line":4,"column":0},"end":{"line":4,"column":38}},"2":{"start":{"line":66,"column":8},"end":{"line":66,"column":31}},"3":{"start":{"line":67,"column":8},"end":{"line":67,"column":29}},"4":{"start":{"line":68,"column":8},"end":{"line":68,"column":31}},"5":{"start":{"line":69,"column":8},"end":{"line":69,"column":43}},"6":{"start":{"line":70,"column":8},"end":{"line":70,"column":50}},"7":{"start":{"line":80,"column":12},"end":{"line":82,"column":38}},"8":{"start":{"line":84,"column":8},"end":{"line":94,"column":10}},"9":{"start":{"line":104,"column":8},"end":{"line":134,"column":null}},"10":{"start":{"line":105,"column":12},"end":{"line":107,"column":null}},"11":{"start":{"line":106,"column":16},"end":{"line":106,"column":46}},"12":{"start":{"line":109,"column":12},"end":{"line":120,"column":57}},"13":{"start":{"line":112,"column":24},"end":{"line":114,"column":51}},"14":{"start":{"line":122,"column":12},"end":{"line":133,"column":19}},"15":{"start":{"line":124,"column":43},"end":{"line":124,"column":82}},"16":{"start":{"line":129,"column":47},"end":{"line":133,"column":18}},"17":{"start":{"line":130,"column":20},"end":{"line":132,"column":null}},"18":{"start":{"line":131,"column":24},"end":{"line":131,"column":54}},"19":{"start":{"line":145,"column":8},"end":{"line":145,"column":95}},"20":{"start":{"line":146,"column":8},"end":{"line":146,"column":70}},"21":{"start":{"line":157,"column":8},"end":{"line":157,"column":98}},"22":{"start":{"line":167,"column":8},"end":{"line":176,"column":null}},"23":{"start":{"line":168,"column":12},"end":{"line":168,"column":36}},"24":{"start":{"line":169,"column":12},"end":{"line":169,"column":70}},"25":{"start":{"line":171,"column":12},"end":{"line":175,"column":15}},"26":{"start":{"line":183,"column":8},"end":{"line":187,"column":11}},"27":{"start":{"line":24,"column":0},"end":{"line":24,"column":21}},"28":{"start":{"line":28,"column":28},"end":{"line":28,"column":53}}},"fnMap":{"0":{"name":"(anonymous_8)","decl":{"start":{"line":59,"column":4},"end":{"line":59,"column":null}},"loc":{"start":{"line":64,"column":30},"end":{"line":71,"column":5}}},"1":{"name":"(anonymous_9)","decl":{"start":{"line":78,"column":4},"end":{"line":78,"column":15}},"loc":{"start":{"line":78,"column":22},"end":{"line":95,"column":5}}},"2":{"name":"(anonymous_10)","decl":{"start":{"line":103,"column":17},"end":{"line":103,"column":25}},"loc":{"start":{"line":103,"column":42},"end":{"line":135,"column":null}}},"3":{"name":"(anonymous_12)","decl":{"start":{"line":111,"column":28},"end":{"line":111,"column":29}},"loc":{"start":{"line":112,"column":24},"end":{"line":114,"column":51}}},"4":{"name":"(anonymous_13)","decl":{"start":{"line":124,"column":28},"end":{"line":124,"column":39}},"loc":{"start":{"line":124,"column":43},"end":{"line":124,"column":82}}},"5":{"name":"(anonymous_14)","decl":{"start":{"line":129,"column":27},"end":{"line":129,"column":34}},"loc":{"start":{"line":129,"column":47},"end":{"line":133,"column":18}}},"6":{"name":"(anonymous_15)","decl":{"start":{"line":129,"column":47},"end":{"line":129,"column":null}},"loc":{"start":{"line":129,"column":47},"end":{"line":133,"column":17}}},"7":{"name":"(anonymous_16)","decl":{"start":{"line":143,"column":18},"end":{"line":143,"column":41}},"loc":{"start":{"line":143,"column":82},"end":{"line":147,"column":null}}},"8":{"name":"(anonymous_18)","decl":{"start":{"line":154,"column":18},"end":{"line":154,"column":40}},"loc":{"start":{"line":155,"column":57},"end":{"line":158,"column":null}}},"9":{"name":"(anonymous_20)","decl":{"start":{"line":166,"column":18},"end":{"line":166,"column":35}},"loc":{"start":{"line":166,"column":53},"end":{"line":177,"column":null}}},"10":{"name":"(anonymous_22)","decl":{"start":{"line":182,"column":18},"end":{"line":182,"column":34}},"loc":{"start":{"line":182,"column":34},"end":{"line":188,"column":null}}}},"branchMap":{"0":{"loc":{"start":{"line":69,"column":26},"end":{"line":69,"column":42}},"type":"cond-expr","locations":[{"start":{"line":69,"column":26},"end":{"line":69,"column":36}},{"start":{"line":69,"column":40},"end":{"line":69,"column":42}}]},"1":{"loc":{"start":{"line":69,"column":26},"end":{"line":69,"column":40}},"type":"binary-expr","locations":[{"start":{"line":69,"column":26},"end":{"line":69,"column":40}},{"start":{"line":69,"column":26},"end":{"line":69,"column":40}}]},"2":{"loc":{"start":{"line":70,"column":28},"end":{"line":70,"column":49}},"type":"cond-expr","locations":[{"start":{"line":70,"column":28},"end":{"line":70,"column":40}},{"start":{"line":70,"column":44},"end":{"line":70,"column":49}}]},"3":{"loc":{"start":{"line":70,"column":28},"end":{"line":70,"column":44}},"type":"binary-expr","locations":[{"start":{"line":70,"column":28},"end":{"line":70,"column":44}},{"start":{"line":70,"column":28},"end":{"line":70,"column":44}}]},"4":{"loc":{"start":{"line":104,"column":8},"end":{"line":134,"column":null}},"type":"if","locations":[{"start":{"line":104,"column":8},"end":{"line":134,"column":null}},{"start":{"line":121,"column":15},"end":{"line":134,"column":null}}]},"5":{"loc":{"start":{"line":112,"column":24},"end":{"line":114,"column":51}},"type":"binary-expr","locations":[{"start":{"line":112,"column":24},"end":{"line":112,"column":51}},{"start":{"line":113,"column":24},"end":{"line":113,"column":75}},{"start":{"line":114,"column":24},"end":{"line":114,"column":51}}]},"6":{"loc":{"start":{"line":130,"column":20},"end":{"line":132,"column":null}},"type":"if","locations":[{"start":{"line":130,"column":20},"end":{"line":132,"column":null}}]},"7":{"loc":{"start":{"line":167,"column":8},"end":{"line":176,"column":null}},"type":"if","locations":[{"start":{"line":167,"column":8},"end":{"line":176,"column":null}},{"start":{"line":170,"column":15},"end":{"line":176,"column":null}}]}},"s":{"0":1,"1":1,"2":0,"3":0,"4":0,"5":0,"6":0,"7":0,"8":0,"9":0,"10":0,"11":0,"12":0,"13":0,"14":0,"15":0,"16":0,"17":0,"18":0,"19":0,"20":0,"21":0,"22":0,"23":0,"24":0,"25":0,"26":0,"27":1,"28":1},"f":{"0":0,"1":0,"2":0,"3":0,"4":0,"5":0,"6":0,"7":0,"8":0,"9":0,"10":0},"b":{"0":[0,0],"1":[0,0],"2":[0,0],"3":[0,0],"4":[0,0],"5":[0,0,0],"6":[0],"7":[0,0]}}
,"C:\\Users\\CE1CECL\\Documents\\GitHub\\discord-tictactoe\\src\\bot\\messaging\\ComponentInteractionMessagingTunnel.ts": {"path":"C:\\Users\\CE1CECL\\Documents\\GitHub\\discord-tictactoe\\src\\bot\\messaging\\ComponentInteractionMessagingTunnel.ts","statementMap":{"0":{"start":{"line":1,"column":0},"end":{"line":1,"column":82}},"1":{"start":{"line":36,"column":8},"end":{"line":36,"column":16}},"2":{"start":{"line":37,"column":8},"end":{"line":37,"column":39}},"3":{"start":{"line":38,"column":8},"end":{"line":38,"column":45}},"4":{"start":{"line":45,"column":8},"end":{"line":45,"column":79}},"5":{"start":{"line":52,"column":8},"end":{"line":52,"column":55}},"6":{"start":{"line":59,"column":8},"end":{"line":59,"column":27}},"7":{"start":{"line":66,"column":8},"end":{"line":73,"column":null}},"8":{"start":{"line":67,"column":12},"end":{"line":67,"column":53}},"9":{"start":{"line":69,"column":12},"end":{"line":72,"column":27}},"10":{"start":{"line":75,"column":8},"end":{"line":75,"column":27}},"11":{"start":{"line":82,"column":8},"end":{"line":82,"column":37}},"12":{"start":{"line":89,"column":8},"end":{"line":94,"column":null}},"13":{"start":{"line":90,"column":12},"end":{"line":90,"column":73}},"14":{"start":{"line":91,"column":12},"end":{"line":91,"column":78}},"15":{"start":{"line":11,"column":0},"end":{"line":11,"column":21}}},"fnMap":{"0":{"name":"(anonymous_8)","decl":{"start":{"line":35,"column":4},"end":{"line":35,"column":16}},"loc":{"start":{"line":35,"column":86},"end":{"line":39,"column":5}}},"1":{"name":"(anonymous_9)","decl":{"start":{"line":44,"column":4},"end":{"line":44,"column":15}},"loc":{"start":{"line":44,"column":21},"end":{"line":46,"column":5}}},"2":{"name":"(anonymous_10)","decl":{"start":{"line":51,"column":4},"end":{"line":51,"column":15}},"loc":{"start":{"line":51,"column":22},"end":{"line":53,"column":5}}},"3":{"name":"(anonymous_11)","decl":{"start":{"line":58,"column":4},"end":{"line":58,"column":15}},"loc":{"start":{"line":58,"column":20},"end":{"line":60,"column":5}}},"4":{"name":"(anonymous_12)","decl":{"start":{"line":65,"column":17},"end":{"line":65,"column":26}},"loc":{"start":{"line":65,"column":69},"end":{"line":76,"column":null}}},"5":{"name":"(anonymous_14)","decl":{"start":{"line":81,"column":17},"end":{"line":81,"column":26}},"loc":{"start":{"line":81,"column":50},"end":{"line":83,"column":null}}},"6":{"name":"(anonymous_16)","decl":{"start":{"line":88,"column":17},"end":{"line":88,"column":20}},"loc":{"start":{"line":88,"column":45},"end":{"line":95,"column":null}}}},"branchMap":{"0":{"loc":{"start":{"line":45,"column":15},"end":{"line":45,"column":78}},"type":"cond-expr","locations":[{"start":{"line":45,"column":34},"end":{"line":45,"column":39}},{"start":{"line":45,"column":39},"end":{"line":45,"column":78}}]},"1":{"loc":{"start":{"line":45,"column":15},"end":{"line":45,"column":39}},"type":"binary-expr","locations":[{"start":{"line":45,"column":15},"end":{"line":45,"column":39}},{"start":{"line":45,"column":34},"end":{"line":45,"column":39}}]},"2":{"loc":{"start":{"line":66,"column":8},"end":{"line":73,"column":null}},"type":"if","locations":[{"start":{"line":66,"column":8},"end":{"line":73,"column":null}},{"start":{"line":68,"column":15},"end":{"line":73,"column":null}}]},"3":{"loc":{"start":{"line":90,"column":33},"end":{"line":90,"column":71}},"type":"cond-expr","locations":[{"start":{"line":90,"column":33},"end":{"line":90,"column":39}},{"start":{"line":90,"column":43},"end":{"line":90,"column":71}}]},"4":{"loc":{"start":{"line":90,"column":33},"end":{"line":90,"column":43}},"type":"binary-expr","locations":[{"start":{"line":90,"column":33},"end":{"line":90,"column":43}},{"start":{"line":90,"column":33},"end":{"line":90,"column":43}}]}},"s":{"0":1,"1":0,"2":0,"3":0,"4":0,"5":0,"6":0,"7":0,"8":0,"9":0,"10":0,"11":0,"12":0,"13":0,"14":0,"15":1},"f":{"0":0,"1":0,"2":0,"3":0,"4":0,"5":0,"6":0},"b":{"0":[0,0],"1":[0,0],"2":[0,0],"3":[0,0],"4":[0,0]}}
,"C:\\Users\\CE1CECL\\Documents\\GitHub\\discord-tictactoe\\src\\bot\\messaging\\MessagingTunnel.ts": {"path":"C:\\Users\\CE1CECL\\Documents\\GitHub\\discord-tictactoe\\src\\bot\\messaging\\MessagingTunnel.ts","statementMap":{"0":{"start":{"line":19,"column":0},"end":{"line":19,"column":30}}},"fnMap":{},"branchMap":{},"s":{"0":2},"f":{},"b":{}}
,"C:\\Users\\CE1CECL\\Documents\\GitHub\\discord-tictactoe\\src\\bot\\messaging\\TextMessagingTunnel.ts": {"path":"C:\\Users\\CE1CECL\\Documents\\GitHub\\discord-tictactoe\\src\\bot\\messaging\\TextMessagingTunnel.ts","statementMap":{"0":{"start":{"line":1,"column":0},"end":{"line":1,"column":82}},"1":{"start":{"line":29,"column":8},"end":{"line":29,"column":16}},"2":{"start":{"line":30,"column":8},"end":{"line":30,"column":29}},"3":{"start":{"line":37,"column":8},"end":{"line":37,"column":35}},"4":{"start":{"line":44,"column":8},"end":{"line":44,"column":50}},"5":{"start":{"line":51,"column":8},"end":{"line":51,"column":27}},"6":{"start":{"line":58,"column":8},"end":{"line":62,"column":null}},"7":{"start":{"line":59,"column":12},"end":{"line":59,"column":58}},"8":{"start":{"line":61,"column":12},"end":{"line":61,"column":65}},"9":{"start":{"line":63,"column":8},"end":{"line":63,"column":27}},"10":{"start":{"line":70,"column":8},"end":{"line":72,"column":null}},"11":{"start":{"line":71,"column":12},"end":{"line":71,"column":42}},"12":{"start":{"line":79,"column":8},"end":{"line":91,"column":null}},"13":{"start":{"line":80,"column":12},"end":{"line":86,"column":null}},"14":{"start":{"line":81,"column":16},"end":{"line":85,"column":null}},"15":{"start":{"line":82,"column":20},"end":{"line":82,"column":46}},"16":{"start":{"line":87,"column":12},"end":{"line":89,"column":null}},"17":{"start":{"line":88,"column":16},"end":{"line":88,"column":48}},"18":{"start":{"line":90,"column":12},"end":{"line":90,"column":36}},"19":{"start":{"line":11,"column":0},"end":{"line":11,"column":21}}},"fnMap":{"0":{"name":"(anonymous_8)","decl":{"start":{"line":28,"column":4},"end":{"line":28,"column":16}},"loc":{"start":{"line":28,"column":31},"end":{"line":31,"column":5}}},"1":{"name":"(anonymous_9)","decl":{"start":{"line":36,"column":4},"end":{"line":36,"column":15}},"loc":{"start":{"line":36,"column":21},"end":{"line":38,"column":5}}},"2":{"name":"(anonymous_10)","decl":{"start":{"line":43,"column":4},"end":{"line":43,"column":15}},"loc":{"start":{"line":43,"column":22},"end":{"line":45,"column":5}}},"3":{"name":"(anonymous_11)","decl":{"start":{"line":50,"column":4},"end":{"line":50,"column":15}},"loc":{"start":{"line":50,"column":20},"end":{"line":52,"column":5}}},"4":{"name":"(anonymous_12)","decl":{"start":{"line":57,"column":17},"end":{"line":57,"column":26}},"loc":{"start":{"line":57,"column":68},"end":{"line":64,"column":null}}},"5":{"name":"(anonymous_14)","decl":{"start":{"line":69,"column":17},"end":{"line":69,"column":26}},"loc":{"start":{"line":69,"column":50},"end":{"line":73,"column":null}}},"6":{"name":"(anonymous_16)","decl":{"start":{"line":78,"column":17},"end":{"line":78,"column":20}},"loc":{"start":{"line":78,"column":45},"end":{"line":92,"column":null}}}},"branchMap":{"0":{"loc":{"start":{"line":58,"column":8},"end":{"line":62,"column":null}},"type":"if","locations":[{"start":{"line":58,"column":8},"end":{"line":62,"column":null}},{"start":{"line":60,"column":15},"end":{"line":62,"column":null}}]},"1":{"loc":{"start":{"line":70,"column":8},"end":{"line":72,"column":null}},"type":"if","locations":[{"start":{"line":70,"column":8},"end":{"line":72,"column":null}}]},"2":{"loc":{"start":{"line":79,"column":8},"end":{"line":91,"column":null}},"type":"if","locations":[{"start":{"line":79,"column":8},"end":{"line":91,"column":null}}]},"3":{"loc":{"start":{"line":80,"column":12},"end":{"line":86,"column":null}},"type":"if","locations":[{"start":{"line":80,"column":12},"end":{"line":86,"column":null}}]},"4":{"loc":{"start":{"line":87,"column":12},"end":{"line":89,"column":null}},"type":"if","locations":[{"start":{"line":87,"column":12},"end":{"line":89,"column":null}}]}},"s":{"0":1,"1":3,"2":3,"3":1,"4":1,"5":2,"6":0,"7":0,"8":0,"9":0,"10":0,"11":0,"12":0,"13":0,"14":0,"15":0,"16":0,"17":0,"18":0,"19":1},"f":{"0":3,"1":1,"2":1,"3":2,"4":0,"5":0,"6":0},"b":{"0":[0,0],"1":[0],"2":[0],"3":[0],"4":[0]}}
,"C:\\Users\\CE1CECL\\Documents\\GitHub\\discord-tictactoe\\src\\bot\\state\\GameStateManager.ts": {"path":"C:\\Users\\CE1CECL\\Documents\\GitHub\\discord-tictactoe\\src\\bot\\state\\GameStateManager.ts","statementMap":{"0":{"start":{"line":1,"column":0},"end":{"line":1,"column":50}},"1":{"start":{"line":2,"column":0},"end":{"line":2,"column":46}},"2":{"start":{"line":4,"column":0},"end":{"line":4,"column":63}},"3":{"start":{"line":6,"column":0},"end":{"line":6,"column":31}},"4":{"start":{"line":41,"column":8},"end":{"line":41,"column":23}},"5":{"start":{"line":42,"column":8},"end":{"line":42,"column":29}},"6":{"start":{"line":43,"column":8},"end":{"line":43,"column":48}},"7":{"start":{"line":44,"column":8},"end":{"line":44,"column":54}},"8":{"start":{"line":54,"column":8},"end":{"line":72,"column":null}},"9":{"start":{"line":55,"column":25},"end":{"line":60,"column":null}},"10":{"start":{"line":64,"column":28},"end":{"line":64,"column":64}},"11":{"start":{"line":65,"column":12},"end":{"line":65,"column":41}},"12":{"start":{"line":68,"column":29},"end":{"line":68,"column":76}},"13":{"start":{"line":69,"column":12},"end":{"line":71,"column":null}},"14":{"start":{"line":70,"column":16},"end":{"line":70,"column":96}},"15":{"start":{"line":82,"column":8},"end":{"line":96,"column":null}},"16":{"start":{"line":83,"column":30},"end":{"line":87,"column":null}},"17":{"start":{"line":91,"column":12},"end":{"line":91,"column":44}},"18":{"start":{"line":94,"column":28},"end":{"line":94,"column":69}},"19":{"start":{"line":95,"column":12},"end":{"line":95,"column":46}},"20":{"start":{"line":106,"column":8},"end":{"line":115,"column":null}},"21":{"start":{"line":107,"column":12},"end":{"line":110,"column":15}},"22":{"start":{"line":109,"column":57},"end":{"line":109,"column":74}},"23":{"start":{"line":111,"column":15},"end":{"line":115,"column":null}},"24":{"start":{"line":112,"column":12},"end":{"line":114,"column":15}},"25":{"start":{"line":117,"column":8},"end":{"line":117,"column":70}},"26":{"start":{"line":16,"column":0},"end":{"line":16,"column":21}}},"fnMap":{"0":{"name":"(anonymous_8)","decl":{"start":{"line":40,"column":4},"end":{"line":40,"column":16}},"loc":{"start":{"line":40,"column":33},"end":{"line":45,"column":5}}},"1":{"name":"(anonymous_9)","decl":{"start":{"line":53,"column":17},"end":{"line":53,"column":28}},"loc":{"start":{"line":53,"column":74},"end":{"line":73,"column":null}}},"2":{"name":"(anonymous_11)","decl":{"start":{"line":81,"column":17},"end":{"line":81,"column":27}},"loc":{"start":{"line":81,"column":74},"end":{"line":97,"column":null}}},"3":{"name":"(anonymous_13)","decl":{"start":{"line":105,"column":11},"end":{"line":105,"column":18}},"loc":{"start":{"line":105,"column":63},"end":{"line":118,"column":5}}},"4":{"name":"(anonymous_14)","decl":{"start":{"line":109,"column":47},"end":{"line":109,"column":53}},"loc":{"start":{"line":109,"column":57},"end":{"line":109,"column":74}}}},"branchMap":{"0":{"loc":{"start":{"line":54,"column":8},"end":{"line":72,"column":null}},"type":"if","locations":[{"start":{"line":54,"column":8},"end":{"line":72,"column":null}}]},"1":{"loc":{"start":{"line":68,"column":29},"end":{"line":68,"column":76}},"type":"cond-expr","locations":[{"start":{"line":68,"column":71},"end":{"line":68,"column":75}},{"start":{"line":68,"column":75},"end":{"line":68,"column":76}}]},"2":{"loc":{"start":{"line":68,"column":29},"end":{"line":68,"column":75}},"type":"binary-expr","locations":[{"start":{"line":68,"column":29},"end":{"line":68,"column":75}},{"start":{"line":68,"column":71},"end":{"line":68,"column":75}}]},"3":{"loc":{"start":{"line":69,"column":12},"end":{"line":71,"column":null}},"type":"if","locations":[{"start":{"line":69,"column":12},"end":{"line":71,"column":null}}]},"4":{"loc":{"start":{"line":82,"column":8},"end":{"line":96,"column":null}},"type":"if","locations":[{"start":{"line":82,"column":8},"end":{"line":96,"column":null}}]},"5":{"loc":{"start":{"line":86,"column":16},"end":{"line":86,"column":35}},"type":"cond-expr","locations":[{"start":{"line":86,"column":16},"end":{"line":86,"column":23}},{"start":{"line":86,"column":27},"end":{"line":86,"column":35}}]},"6":{"loc":{"start":{"line":86,"column":16},"end":{"line":86,"column":27}},"type":"binary-expr","locations":[{"start":{"line":86,"column":16},"end":{"line":86,"column":27}},{"start":{"line":86,"column":16},"end":{"line":86,"column":27}}]},"7":{"loc":{"start":{"line":106,"column":8},"end":{"line":115,"column":null}},"type":"if","locations":[{"start":{"line":106,"column":8},"end":{"line":115,"column":null}},{"start":{"line":111,"column":15},"end":{"line":115,"column":null}}]},"8":{"loc":{"start":{"line":111,"column":15},"end":{"line":115,"column":null}},"type":"if","locations":[{"start":{"line":111,"column":15},"end":{"line":115,"column":null}}]}},"s":{"0":1,"1":1,"2":1,"3":1,"4":8,"5":8,"6":8,"7":8,"8":4,"9":3,"10":3,"11":3,"12":3,"13":3,"14":1,"15":2,"16":1,"17":1,"18":1,"19":1,"20":4,"21":2,"22":3,"23":2,"24":1,"25":4,"26":1},"f":{"0":8,"1":4,"2":2,"3":4,"4":3},"b":{"0":[3],"1":[1,2],"2":[3,3],"3":[1],"4":[1],"5":[0,1],"6":[1,1],"7":[2,2],"8":[1]}}
,"C:\\Users\\CE1CECL\\Documents\\GitHub\\discord-tictactoe\\src\\bot\\state\\GameStateValidator.ts": {"path":"C:\\Users\\CE1CECL\\Documents\\GitHub\\discord-tictactoe\\src\\bot\\state\\GameStateValidator.ts","statementMap":{"0":{"start":{"line":37,"column":8},"end":{"line":37,"column":31}},"1":{"start":{"line":44,"column":8},"end":{"line":44,"column":46}},"2":{"start":{"line":51,"column":8},"end":{"line":51,"column":51}},"3":{"start":{"line":62,"column":8},"end":{"line":64,"column":null}},"4":{"start":{"line":63,"column":12},"end":{"line":63,"column":24}},"5":{"start":{"line":65,"column":8},"end":{"line":79,"column":10}},"6":{"start":{"line":70,"column":16},"end":{"line":71,"column":null}},"7":{"start":{"line":71,"column":30},"end":{"line":71,"column":75}},"8":{"start":{"line":77,"column":33},"end":{"line":77,"column":76}},"9":{"start":{"line":90,"column":8},"end":{"line":95,"column":10}},"10":{"start":{"line":108,"column":12},"end":{"line":110,"column":60}},"11":{"start":{"line":112,"column":8},"end":{"line":116,"column":null}},"12":{"start":{"line":113,"column":12},"end":{"line":115,"column":14}},"13":{"start":{"line":118,"column":8},"end":{"line":118,"column":23}},"14":{"start":{"line":130,"column":8},"end":{"line":130,"column":92}},"15":{"start":{"line":142,"column":8},"end":{"line":147,"column":10}},"16":{"start":{"line":146,"column":44},"end":{"line":146,"column":89}},"17":{"start":{"line":159,"column":8},"end":{"line":164,"column":10}},"18":{"start":{"line":13,"column":0},"end":{"line":13,"column":21}},"19":{"start":{"line":18,"column":28},"end":{"line":23,"column":6}}},"fnMap":{"0":{"name":"(anonymous_0)","decl":{"start":{"line":36,"column":4},"end":{"line":36,"column":16}},"loc":{"start":{"line":36,"column":41},"end":{"line":38,"column":5}}},"1":{"name":"(anonymous_1)","decl":{"start":{"line":43,"column":4},"end":{"line":43,"column":15}},"loc":{"start":{"line":43,"column":21},"end":{"line":45,"column":5}}},"2":{"name":"(anonymous_2)","decl":{"start":{"line":50,"column":4},"end":{"line":50,"column":15}},"loc":{"start":{"line":50,"column":31},"end":{"line":52,"column":5}}},"3":{"name":"(anonymous_3)","decl":{"start":{"line":61,"column":11},"end":{"line":61,"column":29}},"loc":{"start":{"line":61,"column":76},"end":{"line":80,"column":5}}},"4":{"name":"(anonymous_4)","decl":{"start":{"line":69,"column":42},"end":{"line":69,"column":51}},"loc":{"start":{"line":70,"column":16},"end":{"line":71,"column":null}}},"5":{"name":"(anonymous_5)","decl":{"start":{"line":71,"column":20},"end":{"line":71,"column":26}},"loc":{"start":{"line":71,"column":30},"end":{"line":71,"column":75}}},"6":{"name":"(anonymous_6)","decl":{"start":{"line":77,"column":20},"end":{"line":77,"column":29}},"loc":{"start":{"line":77,"column":33},"end":{"line":77,"column":76}}},"7":{"name":"(anonymous_7)","decl":{"start":{"line":89,"column":12},"end":{"line":89,"column":30}},"loc":{"start":{"line":89,"column":54},"end":{"line":96,"column":5}}},"8":{"name":"(anonymous_8)","decl":{"start":{"line":106,"column":12},"end":{"line":106,"column":35}},"loc":{"start":{"line":106,"column":59},"end":{"line":119,"column":5}}},"9":{"name":"(anonymous_9)","decl":{"start":{"line":129,"column":12},"end":{"line":129,"column":27}},"loc":{"start":{"line":129,"column":47},"end":{"line":131,"column":5}}},"10":{"name":"(anonymous_10)","decl":{"start":{"line":141,"column":12},"end":{"line":141,"column":33}},"loc":{"start":{"line":141,"column":53},"end":{"line":148,"column":5}}},"11":{"name":"(anonymous_11)","decl":{"start":{"line":146,"column":36},"end":{"line":146,"column":40}},"loc":{"start":{"line":146,"column":44},"end":{"line":146,"column":89}}},"12":{"name":"(anonymous_12)","decl":{"start":{"line":158,"column":12},"end":{"line":158,"column":37}},"loc":{"start":{"line":158,"column":57},"end":{"line":165,"column":5}}}},"branchMap":{"0":{"loc":{"start":{"line":62,"column":8},"end":{"line":64,"column":null}},"type":"if","locations":[{"start":{"line":62,"column":8},"end":{"line":64,"column":null}}]},"1":{"loc":{"start":{"line":66,"column":12},"end":{"line":78,"column":18}},"type":"binary-expr","locations":[{"start":{"line":66,"column":12},"end":{"line":66,"column":43}},{"start":{"line":67,"column":12},"end":{"line":67,"column":47}},{"start":{"line":69,"column":12},"end":{"line":72,"column":null}},{"start":{"line":75,"column":13},"end":{"line":75,"column":42}},{"start":{"line":76,"column":16},"end":{"line":77,"column":null}}]},"2":{"loc":{"start":{"line":71,"column":30},"end":{"line":71,"column":75}},"type":"binary-expr","locations":[{"start":{"line":71,"column":30},"end":{"line":71,"column":36}},{"start":{"line":71,"column":40},"end":{"line":71,"column":75}}]},"3":{"loc":{"start":{"line":91,"column":12},"end":{"line":94,"column":74}},"type":"binary-expr","locations":[{"start":{"line":91,"column":12},"end":{"line":91,"column":48}},{"start":{"line":92,"column":13},"end":{"line":92,"column":43}},{"start":{"line":93,"column":16},"end":{"line":93,"column":58}},{"start":{"line":94,"column":16},"end":{"line":94,"column":73}}]},"4":{"loc":{"start":{"line":108,"column":12},"end":{"line":110,"column":60}},"type":"cond-expr","locations":[{"start":{"line":110,"column":51},"end":{"line":110,"column":55}},{"start":{"line":110,"column":55},"end":{"line":110,"column":60}}]},"5":{"loc":{"start":{"line":108,"column":12},"end":{"line":110,"column":55}},"type":"binary-expr","locations":[{"start":{"line":108,"column":12},"end":{"line":110,"column":55}},{"start":{"line":110,"column":51},"end":{"line":110,"column":55}}]},"6":{"loc":{"start":{"line":108,"column":12},"end":{"line":110,"column":51}},"type":"cond-expr","locations":[{"start":{"line":109,"column":47},"end":{"line":109,"column":null}},{"start":{"line":109,"column":47},"end":{"line":110,"column":51}}]},"7":{"loc":{"start":{"line":108,"column":12},"end":{"line":109,"column":null}},"type":"binary-expr","locations":[{"start":{"line":108,"column":12},"end":{"line":109,"column":null}},{"start":{"line":109,"column":47},"end":{"line":109,"column":null}}]},"8":{"loc":{"start":{"line":108,"column":12},"end":{"line":109,"column":47}},"type":"cond-expr","locations":[{"start":{"line":108,"column":35},"end":{"line":108,"column":null}},{"start":{"line":108,"column":35},"end":{"line":109,"column":47}}]},"9":{"loc":{"start":{"line":108,"column":12},"end":{"line":108,"column":null}},"type":"binary-expr","locations":[{"start":{"line":108,"column":12},"end":{"line":108,"column":null}},{"start":{"line":108,"column":35},"end":{"line":108,"column":null}}]},"10":{"loc":{"start":{"line":112,"column":8},"end":{"line":116,"column":null}},"type":"if","locations":[{"start":{"line":112,"column":8},"end":{"line":116,"column":null}}]},"11":{"loc":{"start":{"line":130,"column":15},"end":{"line":130,"column":91}},"type":"binary-expr","locations":[{"start":{"line":130,"column":15},"end":{"line":130,"column":49}},{"start":{"line":130,"column":53},"end":{"line":130,"column":91}}]},"12":{"loc":{"start":{"line":143,"column":12},"end":{"line":146,"column":90}},"type":"binary-expr","locations":[{"start":{"line":143,"column":12},"end":{"line":143,"column":39}},{"start":{"line":144,"column":12},"end":{"line":144,"column":50}},{"start":{"line":145,"column":12},"end":{"line":145,"column":51}},{"start":{"line":146,"column":12},"end":{"line":146,"column":90}}]},"13":{"loc":{"start":{"line":160,"column":12},"end":{"line":163,"column":62}},"type":"binary-expr","locations":[{"start":{"line":160,"column":12},"end":{"line":160,"column":44}},{"start":{"line":161,"column":12},"end":{"line":161,"column":49}},{"start":{"line":162,"column":12},"end":{"line":162,"column":49}},{"start":{"line":163,"column":12},"end":{"line":163,"column":62}}]}},"s":{"0":23,"1":91,"2":7,"3":23,"4":0,"5":23,"6":17,"7":31,"8":13,"9":23,"10":23,"11":23,"12":2,"13":23,"14":21,"15":21,"16":4,"17":19,"18":2,"19":2},"f":{"0":23,"1":91,"2":7,"3":23,"4":17,"5":31,"6":13,"7":23,"8":23,"9":21,"10":21,"11":4,"12":19},"b":{"0":[0],"1":[23,21,17,14,13],"2":[31,17],"3":[23,21,0,0],"4":[23,0],"5":[23,23],"6":[0,23],"7":[23,23],"8":[0,23],"9":[23,23],"10":[2],"11":[21,19],"12":[21,8,6,5],"13":[19,4,4,3]}}
,"C:\\Users\\CE1CECL\\Documents\\GitHub\\discord-tictactoe\\src\\i18n\\I18nProvider.ts": {"path":"C:\\Users\\CE1CECL\\Documents\\GitHub\\discord-tictactoe\\src\\i18n\\I18nProvider.ts","statementMap":{"0":{"start":{"line":1,"column":0},"end":{"line":1,"column":20}},"1":{"start":{"line":2,"column":0},"end":{"line":2,"column":24}},"2":{"start":{"line":31,"column":33},"end":{"line":31,"column":62}},"3":{"start":{"line":32,"column":28},"end":{"line":32,"column":94}},"4":{"start":{"line":34,"column":8},"end":{"line":38,"column":10}},"5":{"start":{"line":37,"column":29},"end":{"line":37,"column":92}},"6":{"start":{"line":47,"column":23},"end":{"line":47,"column":87}},"7":{"start":{"line":48,"column":21},"end":{"line":48,"column":43}},"8":{"start":{"line":50,"column":8},"end":{"line":55,"column":null}},"9":{"start":{"line":51,"column":12},"end":{"line":54,"column":14}},"10":{"start":{"line":57,"column":8},"end":{"line":66,"column":null}},"11":{"start":{"line":58,"column":12},"end":{"line":63,"column":null}},"12":{"start":{"line":59,"column":16},"end":{"line":61,"column":18}},"13":{"start":{"line":62,"column":16},"end":{"line":62,"column":30}},"14":{"start":{"line":68,"column":8},"end":{"line":71,"column":null}},"15":{"start":{"line":69,"column":12},"end":{"line":69,"column":61}},"16":{"start":{"line":70,"column":12},"end":{"line":70,"column":96}},"17":{"start":{"line":83,"column":8},"end":{"line":96,"column":null}},"18":{"start":{"line":84,"column":26},"end":{"line":84,"column":46}},"19":{"start":{"line":86,"column":12},"end":{"line":90,"column":null}},"20":{"start":{"line":87,"column":16},"end":{"line":89,"column":19}},"21":{"start":{"line":88,"column":20},"end":{"line":88,"column":96}},"22":{"start":{"line":92,"column":12},"end":{"line":92,"column":27}},"23":{"start":{"line":94,"column":12},"end":{"line":94,"column":80}},"24":{"start":{"line":95,"column":12},"end":{"line":95,"column":23}},"25":{"start":{"line":104,"column":8},"end":{"line":109,"column":20}},"26":{"start":{"line":105,"column":34},"end":{"line":105,"column":83}},"27":{"start":{"line":106,"column":12},"end":{"line":108,"column":59}},"28":{"start":{"line":11,"column":0},"end":{"line":11,"column":13}},"29":{"start":{"line":15,"column":28},"end":{"line":15,"column":54}},"30":{"start":{"line":19,"column":28},"end":{"line":19,"column":50}}},"fnMap":{"0":{"name":"(anonymous_1)","decl":{"start":{"line":30,"column":4},"end":{"line":30,"column":null}},"loc":{"start":{"line":30,"column":4},"end":{"line":39,"column":5}}},"1":{"name":"(anonymous_2)","decl":{"start":{"line":37,"column":21},"end":{"line":37,"column":25}},"loc":{"start":{"line":37,"column":29},"end":{"line":37,"column":92}}},"2":{"name":"(anonymous_3)","decl":{"start":{"line":46,"column":4},"end":{"line":46,"column":18}},"loc":{"start":{"line":46,"column":34},"end":{"line":72,"column":5}}},"3":{"name":"(anonymous_4)","decl":{"start":{"line":82,"column":4},"end":{"line":82,"column":6}},"loc":{"start":{"line":82,"column":47},"end":{"line":97,"column":5}}},"4":{"name":"(anonymous_5)","decl":{"start":{"line":87,"column":53},"end":{"line":87,"column":64}},"loc":{"start":{"line":87,"column":67},"end":{"line":89,"column":17}}},"5":{"name":"(anonymous_6)","decl":{"start":{"line":99,"column":12},"end":{"line":99,"column":18}},"loc":{"start":{"line":102,"column":23},"end":{"line":110,"column":5}}},"6":{"name":"(anonymous_7)","decl":{"start":{"line":104,"column":42},"end":{"line":104,"column":43}},"loc":{"start":{"line":104,"column":69},"end":{"line":109,"column":9}}}},"branchMap":{"0":{"loc":{"start":{"line":31,"column":33},"end":{"line":31,"column":62}},"type":"cond-expr","locations":[{"start":{"line":31,"column":49},"end":{"line":31,"column":53}},{"start":{"line":31,"column":53},"end":{"line":31,"column":62}}]},"1":{"loc":{"start":{"line":31,"column":33},"end":{"line":31,"column":53}},"type":"binary-expr","locations":[{"start":{"line":31,"column":33},"end":{"line":31,"column":53}},{"start":{"line":31,"column":49},"end":{"line":31,"column":53}}]},"2":{"loc":{"start":{"line":47,"column":49},"end":{"line":47,"column":86}},"type":"cond-expr","locations":[{"start":{"line":47,"column":49},"end":{"line":47,"column":55}},{"start":{"line":47,"column":59},"end":{"line":47,"column":86}}]},"3":{"loc":{"start":{"line":47,"column":49},"end":{"line":47,"column":59}},"type":"binary-expr","locations":[{"start":{"line":47,"column":49},"end":{"line":47,"column":59}},{"start":{"line":47,"column":49},"end":{"line":47,"column":59}}]},"4":{"loc":{"start":{"line":50,"column":8},"end":{"line":55,"column":null}},"type":"if","locations":[{"start":{"line":50,"column":8},"end":{"line":55,"column":null}}]},"5":{"loc":{"start":{"line":50,"column":12},"end":{"line":50,"column":80}},"type":"binary-expr","locations":[{"start":{"line":50,"column":12},"end":{"line":50,"column":19}},{"start":{"line":50,"column":23},"end":{"line":50,"column":29}},{"start":{"line":50,"column":33},"end":{"line":50,"column":80}}]},"6":{"loc":{"start":{"line":58,"column":12},"end":{"line":63,"column":null}},"type":"if","locations":[{"start":{"line":58,"column":12},"end":{"line":63,"column":null}}]},"7":{"loc":{"start":{"line":68,"column":8},"end":{"line":71,"column":null}},"type":"if","locations":[{"start":{"line":68,"column":8},"end":{"line":71,"column":null}}]},"8":{"loc":{"start":{"line":70,"column":54},"end":{"line":70,"column":72}},"type":"cond-expr","locations":[{"start":{"line":70,"column":54},"end":{"line":70,"column":62}},{"start":{"line":70,"column":66},"end":{"line":70,"column":72}}]},"9":{"loc":{"start":{"line":70,"column":54},"end":{"line":70,"column":66}},"type":"binary-expr","locations":[{"start":{"line":70,"column":54},"end":{"line":70,"column":66}},{"start":{"line":70,"column":54},"end":{"line":70,"column":66}}]},"10":{"loc":{"start":{"line":83,"column":8},"end":{"line":96,"column":null}},"type":"if","locations":[{"start":{"line":83,"column":8},"end":{"line":96,"column":null}},{"start":{"line":93,"column":15},"end":{"line":96,"column":null}}]},"11":{"loc":{"start":{"line":83,"column":12},"end":{"line":83,"column":51}},"type":"binary-expr","locations":[{"start":{"line":83,"column":12},"end":{"line":83,"column":27}},{"start":{"line":83,"column":31},"end":{"line":83,"column":51}}]},"12":{"loc":{"start":{"line":86,"column":12},"end":{"line":90,"column":null}},"type":"if","locations":[{"start":{"line":86,"column":12},"end":{"line":90,"column":null}}]},"13":{"loc":{"start":{"line":101,"column":8},"end":{"line":101,"column":40}},"type":"default-arg","locations":[{"start":{"line":101,"column":36},"end":{"line":101,"column":40}}]},"14":{"loc":{"start":{"line":102,"column":8},"end":{"line":102,"column":23}},"type":"default-arg","locations":[{"start":{"line":102,"column":20},"end":{"line":102,"column":23}}]},"15":{"loc":{"start":{"line":106,"column":19},"end":{"line":108,"column":58}},"type":"cond-expr","locations":[{"start":{"line":107,"column":17},"end":{"line":107,"column":null}},{"start":{"line":108,"column":17},"end":{"line":108,"column":58}}]},"16":{"loc":{"start":{"line":106,"column":26},"end":{"line":106,"column":39}},"type":"cond-expr","locations":[{"start":{"line":106,"column":32},"end":{"line":106,"column":35}},{"start":{"line":106,"column":26},"end":{"line":106,"column":39}}]},"17":{"loc":{"start":{"line":106,"column":26},"end":{"line":106,"column":35}},"type":"binary-expr","locations":[{"start":{"line":106,"column":26},"end":{"line":106,"column":35}},{"start":{"line":106,"column":26},"end":{"line":106,"column":35}}]}},"s":{"0":8,"1":8,"2":18,"3":18,"4":18,"5":234,"6":10,"7":10,"8":10,"9":3,"10":10,"11":10,"12":9,"13":8,"14":10,"15":2,"16":2,"17":17,"18":15,"19":15,"20":4,"21":6,"22":15,"23":2,"24":2,"25":40,"26":184,"27":184,"28":8,"29":8,"30":8},"f":{"0":18,"1":234,"2":10,"3":17,"4":6,"5":40,"6":184},"b":{"0":[18,0],"1":[18,18],"2":[10,0],"3":[10,10],"4":[3],"5":[10,4,4],"6":[9],"7":[2],"8":[1,1],"9":[2,2],"10":[15,2],"11":[17,16],"12":[4],"13":[8],"14":[8],"15":[32,152],"16":[0,184],"17":[184,184]}}
,"C:\\Users\\CE1CECL\\Documents\\GitHub\\discord-tictactoe\\src\\i18n\\localize.ts": {"path":"C:\\Users\\CE1CECL\\Documents\\GitHub\\discord-tictactoe\\src\\i18n\\localize.ts","statementMap":{"0":{"start":{"line":1,"column":0},"end":{"line":1,"column":64}},"1":{"start":{"line":3,"column":17},"end":{"line":3,"column":35}},"2":{"start":{"line":5,"column":23},"end":{"line":5,"column":81}},"3":{"start":{"line":5,"column":50},"end":{"line":5,"column":81}},"4":{"start":{"line":6,"column":11},"end":{"line":6,"column":93}},"5":{"start":{"line":6,"column":64},"end":{"line":6,"column":93}},"6":{"start":{"line":8,"column":0},"end":{"line":8,"column":38}}},"fnMap":{"0":{"name":"(anonymous_0)","decl":{"start":{"line":5,"column":23},"end":{"line":5,"column":24}},"loc":{"start":{"line":5,"column":50},"end":{"line":5,"column":81}}},"1":{"name":"(anonymous_1)","decl":{"start":{"line":6,"column":11},"end":{"line":6,"column":12}},"loc":{"start":{"line":6,"column":64},"end":{"line":6,"column":93}}}},"branchMap":{},"s":{"0":7,"1":7,"2":7,"3":2,"4":7,"5":7,"6":7},"f":{"0":2,"1":7},"b":{}}
,"C:\\Users\\CE1CECL\\Documents\\GitHub\\discord-tictactoe\\src\\tictactoe\\AI.ts": {"path":"C:\\Users\\CE1CECL\\Documents\\GitHub\\discord-tictactoe\\src\\tictactoe\\AI.ts","statementMap":{"0":{"start":{"line":1,"column":0},"end":{"line":1,"column":38}},"1":{"start":{"line":4,"column":0},"end":{"line":4,"column":75}},"2":{"start":{"line":16,"column":4},"end":{"line":16,"column":14}},"3":{"start":{"line":20,"column":4},"end":{"line":20,"column":41}},"4":{"start":{"line":28,"column":8},"end":{"line":32,"column":null}},"5":{"start":{"line":29,"column":12},"end":{"line":29,"column":86}},"6":{"start":{"line":31,"column":12},"end":{"line":31,"column":82}},"7":{"start":{"line":39,"column":8},"end":{"line":39,"column":32}},"8":{"start":{"line":50,"column":23},"end":{"line":50,"column":34}},"9":{"start":{"line":51,"column":21},"end":{"line":51,"column":46}},"10":{"start":{"line":55,"column":8},"end":{"line":59,"column":null}},"11":{"start":{"line":56,"column":12},"end":{"line":56,"column":36}},"12":{"start":{"line":58,"column":12},"end":{"line":58,"column":36}},"13":{"start":{"line":62,"column":8},"end":{"line":64,"column":null}},"14":{"start":{"line":63,"column":12},"end":{"line":63,"column":56}},"15":{"start":{"line":67,"column":8},"end":{"line":85,"column":11}},"16":{"start":{"line":68,"column":12},"end":{"line":84,"column":null}},"17":{"start":{"line":69,"column":16},"end":{"line":69,"column":48}},"18":{"start":{"line":70,"column":29},"end":{"line":70,"column":79}},"19":{"start":{"line":72,"column":16},"end":{"line":72,"column":53}},"20":{"start":{"line":73,"column":16},"end":{"line":73,"column":34}},"21":{"start":{"line":75,"column":16},"end":{"line":83,"column":null}},"22":{"start":{"line":76,"column":20},"end":{"line":78,"column":null}},"23":{"start":{"line":77,"column":24},"end":{"line":77,"column":36}},"24":{"start":{"line":80,"column":20},"end":{"line":82,"column":null}},"25":{"start":{"line":81,"column":24},"end":{"line":81,"column":36}},"26":{"start":{"line":87,"column":8},"end":{"line":87,"column":20}},"27":{"start":{"line":96,"column":8},"end":{"line":103,"column":null}},"28":{"start":{"line":97,"column":12},"end":{"line":97,"column":43}},"29":{"start":{"line":98,"column":15},"end":{"line":103,"column":null}},"30":{"start":{"line":100,"column":12},"end":{"line":100,"column":46}},"31":{"start":{"line":102,"column":12},"end":{"line":102,"column":42}},"32":{"start":{"line":12,"column":0},"end":{"line":12,"column":21}}},"fnMap":{"0":{"name":"(anonymous_1)","decl":{"start":{"line":12,"column":0},"end":{"line":12,"column":21}},"loc":{"start":{"line":12,"column":0},"end":{"line":105,"column":1}}},"1":{"name":"(anonymous_2)","decl":{"start":{"line":27,"column":11},"end":{"line":27,"column":18}},"loc":{"start":{"line":27,"column":29},"end":{"line":33,"column":5}}},"2":{"name":"(anonymous_3)","decl":{"start":{"line":38,"column":11},"end":{"line":38,"column":19}},"loc":{"start":{"line":38,"column":19},"end":{"line":40,"column":5}}},"3":{"name":"(anonymous_4)","decl":{"start":{"line":49,"column":12},"end":{"line":49,"column":18}},"loc":{"start":{"line":49,"column":68},"end":{"line":88,"column":5}}},"4":{"name":"(anonymous_5)","decl":{"start":{"line":67,"column":27},"end":{"line":67,"column":28}},"loc":{"start":{"line":67,"column":43},"end":{"line":85,"column":9}}},"5":{"name":"(anonymous_6)","decl":{"start":{"line":95,"column":12},"end":{"line":95,"column":18}},"loc":{"start":{"line":95,"column":48},"end":{"line":104,"column":5}}}},"branchMap":{"0":{"loc":{"start":{"line":28,"column":8},"end":{"line":32,"column":null}},"type":"if","locations":[{"start":{"line":28,"column":8},"end":{"line":32,"column":null}},{"start":{"line":30,"column":15},"end":{"line":32,"column":null}}]},"1":{"loc":{"start":{"line":55,"column":8},"end":{"line":59,"column":null}},"type":"if","locations":[{"start":{"line":55,"column":8},"end":{"line":59,"column":null}},{"start":{"line":57,"column":15},"end":{"line":59,"column":null}}]},"2":{"loc":{"start":{"line":62,"column":8},"end":{"line":64,"column":null}},"type":"if","locations":[{"start":{"line":62,"column":8},"end":{"line":64,"column":null}}]},"3":{"loc":{"start":{"line":62,"column":12},"end":{"line":62,"column":33}},"type":"binary-expr","locations":[{"start":{"line":62,"column":12},"end":{"line":62,"column":23}},{"start":{"line":62,"column":27},"end":{"line":62,"column":33}}]},"4":{"loc":{"start":{"line":68,"column":12},"end":{"line":84,"column":null}},"type":"if","locations":[{"start":{"line":68,"column":12},"end":{"line":84,"column":null}}]},"5":{"loc":{"start":{"line":75,"column":16},"end":{"line":83,"column":null}},"type":"if","locations":[{"start":{"line":75,"column":16},"end":{"line":83,"column":null}},{"start":{"line":79,"column":23},"end":{"line":83,"column":null}}]},"6":{"loc":{"start":{"line":76,"column":20},"end":{"line":78,"column":null}},"type":"if","locations":[{"start":{"line":76,"column":20},"end":{"line":78,"column":null}}]},"7":{"loc":{"start":{"line":80,"column":20},"end":{"line":82,"column":null}},"type":"if","locations":[{"start":{"line":80,"column":20},"end":{"line":82,"column":null}}]},"8":{"loc":{"start":{"line":96,"column":8},"end":{"line":103,"column":null}},"type":"if","locations":[{"start":{"line":96,"column":8},"end":{"line":103,"column":null}},{"start":{"line":98,"column":15},"end":{"line":103,"column":null}}]},"9":{"loc":{"start":{"line":98,"column":15},"end":{"line":103,"column":null}},"type":"if","locations":[{"start":{"line":98,"column":15},"end":{"line":103,"column":null}},{"start":{"line":101,"column":15},"end":{"line":103,"column":null}}]}},"s":{"0":3,"1":3,"2":0,"3":0,"4":0,"5":0,"6":0,"7":0,"8":0,"9":0,"10":0,"11":0,"12":0,"13":0,"14":0,"15":0,"16":0,"17":0,"18":0,"19":0,"20":0,"21":0,"22":0,"23":0,"24":0,"25":0,"26":0,"27":0,"28":0,"29":0,"30":0,"31":0,"32":3},"f":{"0":0,"1":0,"2":0,"3":0,"4":0,"5":0},"b":{"0":[0,0],"1":[0,0],"2":[0],"3":[0,0],"4":[0],"5":[0,0],"6":[0],"7":[0],"8":[0,0],"9":[0,0]}}
,"C:\\Users\\CE1CECL\\Documents\\GitHub\\discord-tictactoe\\src\\tictactoe\\Game.ts": {"path":"C:\\Users\\CE1CECL\\Documents\\GitHub\\discord-tictactoe\\src\\tictactoe\\Game.ts","statementMap":{"0":{"start":{"line":1,"column":0},"end":{"line":1,"column":56}},"1":{"start":{"line":37,"column":8},"end":{"line":37,"column":36}},"2":{"start":{"line":38,"column":8},"end":{"line":38,"column":25}},"3":{"start":{"line":39,"column":8},"end":{"line":39,"column":35}},"4":{"start":{"line":42,"column":8},"end":{"line":42,"column":81}},"5":{"start":{"line":45,"column":8},"end":{"line":47,"column":null}},"6":{"start":{"line":45,"column":21},"end":{"line":45,"column":22}},"7":{"start":{"line":46,"column":12},"end":{"line":46,"column":41}},"8":{"start":{"line":54,"column":8},"end":{"line":54,"column":31}},"9":{"start":{"line":61,"column":8},"end":{"line":61,"column":27}},"10":{"start":{"line":68,"column":8},"end":{"line":68,"column":61}},"11":{"start":{"line":75,"column":8},"end":{"line":75,"column":35}},"12":{"start":{"line":82,"column":8},"end":{"line":82,"column":28}},"13":{"start":{"line":89,"column":8},"end":{"line":89,"column":62}},"14":{"start":{"line":89,"column":40},"end":{"line":89,"column":60}},"15":{"start":{"line":96,"column":8},"end":{"line":96,"column":62}},"16":{"start":{"line":96,"column":40},"end":{"line":96,"column":60}},"17":{"start":{"line":103,"column":8},"end":{"line":103,"column":70}},"18":{"start":{"line":103,"column":41},"end":{"line":103,"column":61}},"19":{"start":{"line":110,"column":21},"end":{"line":110,"column":45}},"20":{"start":{"line":111,"column":8},"end":{"line":113,"column":null}},"21":{"start":{"line":111,"column":21},"end":{"line":111,"column":22}},"22":{"start":{"line":112,"column":12},"end":{"line":112,"column":42}},"23":{"start":{"line":114,"column":8},"end":{"line":114,"column":20}},"24":{"start":{"line":123,"column":8},"end":{"line":123,"column":84}},"25":{"start":{"line":134,"column":8},"end":{"line":134,"column":38}},"26":{"start":{"line":135,"column":8},"end":{"line":135,"column":44}},"27":{"start":{"line":142,"column":8},"end":{"line":142,"column":62}},"28":{"start":{"line":151,"column":8},"end":{"line":159,"column":null}},"29":{"start":{"line":151,"column":23},"end":{"line":151,"column":24}},"30":{"start":{"line":152,"column":23},"end":{"line":152,"column":43}},"31":{"start":{"line":153,"column":23},"end":{"line":153,"column":43}},"32":{"start":{"line":154,"column":23},"end":{"line":154,"column":43}},"33":{"start":{"line":156,"column":12},"end":{"line":158,"column":null}},"34":{"start":{"line":157,"column":16},"end":{"line":157,"column":38}},"35":{"start":{"line":162,"column":8},"end":{"line":170,"column":null}},"36":{"start":{"line":162,"column":23},"end":{"line":162,"column":24}},"37":{"start":{"line":163,"column":23},"end":{"line":163,"column":43}},"38":{"start":{"line":164,"column":23},"end":{"line":164,"column":43}},"39":{"start":{"line":165,"column":23},"end":{"line":165,"column":43}},"40":{"start":{"line":167,"column":12},"end":{"line":169,"column":null}},"41":{"start":{"line":168,"column":16},"end":{"line":168,"column":38}},"42":{"start":{"line":173,"column":23},"end":{"line":173,"column":41}},"43":{"start":{"line":174,"column":24},"end":{"line":174,"column":42}},"44":{"start":{"line":175,"column":25},"end":{"line":175,"column":43}},"45":{"start":{"line":176,"column":28},"end":{"line":176,"column":46}},"46":{"start":{"line":177,"column":27},"end":{"line":177,"column":45}},"47":{"start":{"line":179,"column":8},"end":{"line":181,"column":null}},"48":{"start":{"line":180,"column":12},"end":{"line":180,"column":38}},"49":{"start":{"line":182,"column":8},"end":{"line":184,"column":null}},"50":{"start":{"line":183,"column":12},"end":{"line":183,"column":38}},"51":{"start":{"line":186,"column":8},"end":{"line":186,"column":27}},"52":{"start":{"line":197,"column":8},"end":{"line":197,"column":45}},"53":{"start":{"line":207,"column":8},"end":{"line":209,"column":10}},"54":{"start":{"line":9,"column":0},"end":{"line":9,"column":21}}},"fnMap":{"0":{"name":"(anonymous_0)","decl":{"start":{"line":36,"column":4},"end":{"line":36,"column":16}},"loc":{"start":{"line":36,"column":29},"end":{"line":48,"column":5}}},"1":{"name":"(anonymous_1)","decl":{"start":{"line":53,"column":4},"end":{"line":53,"column":15}},"loc":{"start":{"line":53,"column":24},"end":{"line":55,"column":5}}},"2":{"name":"(anonymous_2)","decl":{"start":{"line":60,"column":4},"end":{"line":60,"column":15}},"loc":{"start":{"line":60,"column":20},"end":{"line":62,"column":5}}},"3":{"name":"(anonymous_3)","decl":{"start":{"line":67,"column":4},"end":{"line":67,"column":15}},"loc":{"start":{"line":67,"column":23},"end":{"line":69,"column":5}}},"4":{"name":"(anonymous_4)","decl":{"start":{"line":74,"column":4},"end":{"line":74,"column":15}},"loc":{"start":{"line":74,"column":28},"end":{"line":76,"column":5}}},"5":{"name":"(anonymous_5)","decl":{"start":{"line":81,"column":4},"end":{"line":81,"column":15}},"loc":{"start":{"line":81,"column":21},"end":{"line":83,"column":5}}},"6":{"name":"(anonymous_6)","decl":{"start":{"line":88,"column":4},"end":{"line":88,"column":15}},"loc":{"start":{"line":88,"column":24},"end":{"line":90,"column":5}}},"7":{"name":"(anonymous_7)","decl":{"start":{"line":89,"column":32},"end":{"line":89,"column":36}},"loc":{"start":{"line":89,"column":40},"end":{"line":89,"column":60}}},"8":{"name":"(anonymous_8)","decl":{"start":{"line":95,"column":4},"end":{"line":95,"column":15}},"loc":{"start":{"line":95,"column":25},"end":{"line":97,"column":5}}},"9":{"name":"(anonymous_9)","decl":{"start":{"line":96,"column":32},"end":{"line":96,"column":36}},"loc":{"start":{"line":96,"column":40},"end":{"line":96,"column":60}}},"10":{"name":"(anonymous_10)","decl":{"start":{"line":102,"column":4},"end":{"line":102,"column":15}},"loc":{"start":{"line":102,"column":30},"end":{"line":104,"column":5}}},"11":{"name":"(anonymous_11)","decl":{"start":{"line":103,"column":33},"end":{"line":103,"column":37}},"loc":{"start":{"line":103,"column":41},"end":{"line":103,"column":61}}},"12":{"name":"(anonymous_12)","decl":{"start":{"line":109,"column":11},"end":{"line":109,"column":16}},"loc":{"start":{"line":109,"column":16},"end":{"line":115,"column":5}}},"13":{"name":"(anonymous_13)","decl":{"start":{"line":122,"column":11},"end":{"line":122,"column":22}},"loc":{"start":{"line":122,"column":39},"end":{"line":124,"column":5}}},"14":{"name":"(anonymous_14)","decl":{"start":{"line":133,"column":11},"end":{"line":133,"column":22}},"loc":{"start":{"line":133,"column":55},"end":{"line":136,"column":5}}},"15":{"name":"(anonymous_15)","decl":{"start":{"line":141,"column":11},"end":{"line":141,"column":21}},"loc":{"start":{"line":141,"column":21},"end":{"line":143,"column":5}}},"16":{"name":"(anonymous_16)","decl":{"start":{"line":149,"column":12},"end":{"line":149,"column":25}},"loc":{"start":{"line":149,"column":25},"end":{"line":187,"column":5}}},"17":{"name":"(anonymous_17)","decl":{"start":{"line":196,"column":12},"end":{"line":196,"column":19}},"loc":{"start":{"line":196,"column":47},"end":{"line":198,"column":5}}},"18":{"name":"(anonymous_18)","decl":{"start":{"line":206,"column":12},"end":{"line":206,"column":23}},"loc":{"start":{"line":206,"column":60},"end":{"line":210,"column":5}}}},"branchMap":{"0":{"loc":{"start":{"line":36,"column":16},"end":{"line":36,"column":29}},"type":"default-arg","locations":[{"start":{"line":36,"column":28},"end":{"line":36,"column":29}}]},"1":{"loc":{"start":{"line":42,"column":30},"end":{"line":42,"column":80}},"type":"cond-expr","locations":[{"start":{"line":42,"column":51},"end":{"line":42,"column":65}},{"start":{"line":42,"column":66},"end":{"line":42,"column":80}}]},"2":{"loc":{"start":{"line":68,"column":15},"end":{"line":68,"column":60}},"type":"binary-expr","locations":[{"start":{"line":68,"column":15},"end":{"line":68,"column":42}},{"start":{"line":68,"column":46},"end":{"line":68,"column":60}}]},"3":{"loc":{"start":{"line":123,"column":15},"end":{"line":123,"column":83}},"type":"binary-expr","locations":[{"start":{"line":123,"column":15},"end":{"line":123,"column":43}},{"start":{"line":123,"column":47},"end":{"line":123,"column":83}}]},"4":{"loc":{"start":{"line":156,"column":12},"end":{"line":158,"column":null}},"type":"if","locations":[{"start":{"line":156,"column":12},"end":{"line":158,"column":null}}]},"5":{"loc":{"start":{"line":156,"column":16},"end":{"line":156,"column":68}},"type":"binary-expr","locations":[{"start":{"line":156,"column":16},"end":{"line":156,"column":40}},{"start":{"line":156,"column":44},"end":{"line":156,"column":68}}]},"6":{"loc":{"start":{"line":167,"column":12},"end":{"line":169,"column":null}},"type":"if","locations":[{"start":{"line":167,"column":12},"end":{"line":169,"column":null}}]},"7":{"loc":{"start":{"line":167,"column":16},"end":{"line":167,"column":68}},"type":"binary-expr","locations":[{"start":{"line":167,"column":16},"end":{"line":167,"column":40}},{"start":{"line":167,"column":44},"end":{"line":167,"column":68}}]},"8":{"loc":{"start":{"line":179,"column":8},"end":{"line":181,"column":null}},"type":"if","locations":[{"start":{"line":179,"column":8},"end":{"line":181,"column":null}}]},"9":{"loc":{"start":{"line":179,"column":12},"end":{"line":179,"column":86}},"type":"binary-expr","locations":[{"start":{"line":179,"column":12},"end":{"line":179,"column":45}},{"start":{"line":179,"column":49},"end":{"line":179,"column":86}}]},"10":{"loc":{"start":{"line":182,"column":8},"end":{"line":184,"column":null}},"type":"if","locations":[{"start":{"line":182,"column":8},"end":{"line":184,"column":null}}]},"11":{"loc":{"start":{"line":182,"column":12},"end":{"line":182,"column":86}},"type":"binary-expr","locations":[{"start":{"line":182,"column":12},"end":{"line":182,"column":46}},{"start":{"line":182,"column":50},"end":{"line":182,"column":86}}]},"12":{"loc":{"start":{"line":208,"column":12},"end":{"line":208,"column":100}},"type":"binary-expr","locations":[{"start":{"line":208,"column":12},"end":{"line":208,"column":49}},{"start":{"line":208,"column":53},"end":{"line":208,"column":100}}]}},"s":{"0":2,"1":20,"2":20,"3":20,"4":20,"5":20,"6":20,"7":287,"8":1915,"9":1232,"10":8,"11":5,"12":16,"13":6,"14":24,"15":2,"16":10,"17":2,"18":18,"19":1,"20":1,"21":1,"22":9,"23":1,"24":4,"25":72,"26":72,"27":2,"28":72,"29":72,"30":198,"31":198,"32":198,"33":198,"34":11,"35":61,"36":61,"37":177,"38":177,"39":177,"40":177,"41":3,"42":58,"43":58,"44":58,"45":58,"46":58,"47":58,"48":1,"49":57,"50":3,"51":54,"52":1415,"53":547,"54":2},"f":{"0":20,"1":1915,"2":1232,"3":8,"4":5,"5":16,"6":6,"7":24,"8":2,"9":10,"10":2,"11":18,"12":1,"13":4,"14":72,"15":2,"16":72,"17":1415,"18":547},"b":{"0":[16],"1":[10,10],"2":[8,3],"3":[4,3],"4":[11],"5":[198,31],"6":[3],"7":[177,6],"8":[1],"9":[58,5],"10":[3],"11":[57,15],"12":[547,262]}}
,"C:\\Users\\CE1CECL\\Documents\\GitHub\\discord-tictactoe\\src\\tictactoe\\Player.ts": {"path":"C:\\Users\\CE1CECL\\Documents\\GitHub\\discord-tictactoe\\src\\tictactoe\\Player.ts","statementMap":{"0":{"start":{"line":29,"column":4},"end":{"line":35,"column":null}},"1":{"start":{"line":30,"column":8},"end":{"line":30,"column":22}},"2":{"start":{"line":31,"column":11},"end":{"line":35,"column":null}},"3":{"start":{"line":32,"column":8},"end":{"line":32,"column":29}},"4":{"start":{"line":34,"column":8},"end":{"line":34,"column":28}},"5":{"start":{"line":28,"column":0},"end":{"line":28,"column":16}}},"fnMap":{"0":{"name":"getOpponent","decl":{"start":{"line":28,"column":16},"end":{"line":28,"column":27}},"loc":{"start":{"line":28,"column":42},"end":{"line":36,"column":1}}}},"branchMap":{"0":{"loc":{"start":{"line":29,"column":4},"end":{"line":35,"column":null}},"type":"if","locations":[{"start":{"line":29,"column":4},"end":{"line":35,"column":null}},{"start":{"line":31,"column":11},"end":{"line":35,"column":null}}]},"1":{"loc":{"start":{"line":31,"column":11},"end":{"line":35,"column":null}},"type":"if","locations":[{"start":{"line":31,"column":11},"end":{"line":35,"column":null}},{"start":{"line":33,"column":11},"end":{"line":35,"column":null}}]}},"s":{"0":2,"1":0,"2":2,"3":1,"4":1,"5":5},"f":{"0":2},"b":{"0":[0,2],"1":[1,1]}}
}
