TN:
SF:src\bot\builder\GameBoardBuilder.ts
FN:48,(anonymous_1)
FN:62,(anonymous_2)
FN:78,(anonymous_3)
FN:91,(anonymous_4)
FN:103,(anonymous_5)
FN:120,(anonymous_6)
FN:134,(anonymous_7)
FNF:7
FNH:7
FNDA:10,(anonymous_1)
FNDA:1,(anonymous_2)
FNDA:1,(anonymous_3)
FNDA:2,(anonymous_4)
FNDA:4,(anonymous_5)
FNDA:2,(anonymous_6)
FNDA:9,(anonymous_7)
DA:1,3
DA:2,3
DA:14,3
DA:18,3
DA:23,10
DA:49,10
DA:50,10
DA:51,10
DA:52,10
DA:63,1
DA:68,1
DA:79,1
DA:80,1
DA:81,1
DA:92,2
DA:93,2
DA:94,2
DA:104,4
DA:105,1
DA:106,3
DA:107,2
DA:109,1
DA:111,4
DA:121,2
DA:122,1
DA:124,1
DA:126,2
DA:136,9
DA:138,9
DA:139,5
DA:140,5
DA:141,3
DA:146,9
DA:147,9
LF:34
LH:34
BRDA:104,0,0,1
BRDA:104,0,1,3
BRDA:106,1,0,2
BRDA:106,1,1,1
BRDA:121,2,0,1
BRDA:121,2,1,1
BRDA:140,3,0,3
BRDA:146,4,0,1
BRDA:146,4,1,8
BRDA:146,5,0,9
BRDA:146,5,1,6
BRF:11
BRH:11
end_of_record
TN:
SF:src\bot\builder\GameBoardButtonBuilder.ts
FN:18,(anonymous_1)
FN:45,(anonymous_2)
FN:54,(anonymous_3)
FN:67,(anonymous_4)
FN:76,(anonymous_5)
FN:89,(anonymous_6)
FNF:6
FNH:1
FNDA:1,(anonymous_1)
FNDA:0,(anonymous_2)
FNDA:0,(anonymous_3)
FNDA:0,(anonymous_4)
FNDA:0,(anonymous_5)
FNDA:0,(anonymous_6)
DA:1,2
DA:4,2
DA:18,2
DA:23,1
DA:28,1
DA:33,1
DA:38,1
DA:46,0
DA:47,0
DA:56,0
DA:57,0
DA:59,0
DA:68,0
DA:69,0
DA:77,0
DA:90,0
DA:91,0
DA:92,0
DA:94,0
DA:95,0
DA:96,0
DA:98,0
DA:101,0
DA:102,0
DA:105,0
DA:108,0
LF:26
LH:7
BRDA:56,0,0,0
BRDA:56,0,1,0
BRDA:94,1,0,0
BRDA:94,1,1,0
BRDA:95,2,0,0
BRDA:95,2,1,0
BRDA:101,3,0,0
BRF:7
BRH:0
end_of_record
TN:
SF:src\bot\entity\DuelRequest.ts
FN:59,(anonymous_8)
FN:78,(anonymous_9)
FN:103,(anonymous_10)
FN:111,(anonymous_12)
FN:124,(anonymous_13)
FN:129,(anonymous_14)
FN:129,(anonymous_15)
FN:143,(anonymous_16)
FN:154,(anonymous_18)
FN:166,(anonymous_20)
FN:182,(anonymous_22)
FNF:11
FNH:0
FNDA:0,(anonymous_8)
FNDA:0,(anonymous_9)
FNDA:0,(anonymous_10)
FNDA:0,(anonymous_12)
FNDA:0,(anonymous_13)
FNDA:0,(anonymous_14)
FNDA:0,(anonymous_15)
FNDA:0,(anonymous_16)
FNDA:0,(anonymous_18)
FNDA:0,(anonymous_20)
FNDA:0,(anonymous_22)
DA:1,1
DA:4,1
DA:24,1
DA:28,1
DA:66,0
DA:67,0
DA:68,0
DA:69,0
DA:70,0
DA:80,0
DA:84,0
DA:104,0
DA:105,0
DA:106,0
DA:109,0
DA:112,0
DA:122,0
DA:124,0
DA:129,0
DA:130,0
DA:131,0
DA:145,0
DA:146,0
DA:157,0
DA:167,0
DA:168,0
DA:169,0
DA:171,0
DA:183,0
LF:29
LH:4
BRDA:69,0,0,0
BRDA:69,0,1,0
BRDA:69,1,0,0
BRDA:69,1,1,0
BRDA:70,2,0,0
BRDA:70,2,1,0
BRDA:70,3,0,0
BRDA:70,3,1,0
BRDA:104,4,0,0
BRDA:104,4,1,0
BRDA:112,5,0,0
BRDA:112,5,1,0
BRDA:112,5,2,0
BRDA:130,6,0,0
BRDA:167,7,0,0
BRDA:167,7,1,0
BRF:16
BRH:0
end_of_record
TN:
SF:src\bot\messaging\ComponentInteractionMessagingTunnel.ts
FN:35,(anonymous_8)
FN:44,(anonymous_9)
FN:51,(anonymous_10)
FN:58,(anonymous_11)
FN:65,(anonymous_12)
FN:81,(anonymous_14)
FN:88,(anonymous_16)
FNF:7
FNH:0
FNDA:0,(anonymous_8)
FNDA:0,(anonymous_9)
FNDA:0,(anonymous_10)
FNDA:0,(anonymous_11)
FNDA:0,(anonymous_12)
FNDA:0,(anonymous_14)
FNDA:0,(anonymous_16)
DA:1,1
DA:11,1
DA:36,0
DA:37,0
DA:38,0
DA:45,0
DA:52,0
DA:59,0
DA:66,0
DA:67,0
DA:69,0
DA:75,0
DA:82,0
DA:89,0
DA:90,0
DA:91,0
LF:16
LH:2
BRDA:45,0,0,0
BRDA:45,0,1,0
BRDA:45,1,0,0
BRDA:45,1,1,0
BRDA:66,2,0,0
BRDA:66,2,1,0
BRDA:90,3,0,0
BRDA:90,3,1,0
BRDA:90,4,0,0
BRDA:90,4,1,0
BRF:10
BRH:0
end_of_record
TN:
SF:src\bot\messaging\MessagingTunnel.ts
FNF:0
FNH:0
DA:19,2
LF:1
LH:1
BRF:0
BRH:0
end_of_record
TN:
SF:src\bot\messaging\TextMessagingTunnel.ts
FN:28,(anonymous_8)
FN:36,(anonymous_9)
FN:43,(anonymous_10)
FN:50,(anonymous_11)
FN:57,(anonymous_12)
FN:69,(anonymous_14)
FN:78,(anonymous_16)
FNF:7
FNH:4
FNDA:3,(anonymous_8)
FNDA:1,(anonymous_9)
FNDA:1,(anonymous_10)
FNDA:2,(anonymous_11)
FNDA:0,(anonymous_12)
FNDA:0,(anonymous_14)
FNDA:0,(anonymous_16)
DA:1,1
DA:11,1
DA:29,3
DA:30,3
DA:37,1
DA:44,1
DA:51,2
DA:58,0
DA:59,0
DA:61,0
DA:63,0
DA:70,0
DA:71,0
DA:79,0
DA:80,0
DA:81,0
DA:82,0
DA:87,0
DA:88,0
DA:90,0
LF:20
LH:7
BRDA:58,0,0,0
BRDA:58,0,1,0
BRDA:70,1,0,0
BRDA:79,2,0,0
BRDA:80,3,0,0
BRDA:87,4,0,0
BRF:6
BRH:0
end_of_record
TN:
SF:src\bot\state\GameStateManager.ts
FN:40,(anonymous_8)
FN:53,(anonymous_9)
FN:81,(anonymous_11)
FN:105,(anonymous_13)
FN:109,(anonymous_14)
FNF:5
FNH:5
FNDA:8,(anonymous_8)
FNDA:4,(anonymous_9)
FNDA:2,(anonymous_11)
FNDA:4,(anonymous_13)
FNDA:3,(anonymous_14)
DA:1,1
DA:2,1
DA:4,1
DA:6,1
DA:16,1
DA:41,8
DA:42,8
DA:43,8
DA:44,8
DA:54,4
DA:55,3
DA:64,3
DA:65,3
DA:68,3
DA:69,3
DA:70,1
DA:82,2
DA:83,1
DA:91,1
DA:94,1
DA:95,1
DA:106,4
DA:107,2
DA:109,3
DA:111,2
DA:112,1
DA:117,4
LF:27
LH:27
BRDA:54,0,0,3
BRDA:68,1,0,1
BRDA:68,1,1,2
BRDA:68,2,0,3
BRDA:68,2,1,3
BRDA:69,3,0,1
BRDA:82,4,0,1
BRDA:86,5,0,0
BRDA:86,5,1,1
BRDA:86,6,0,1
BRDA:86,6,1,1
BRDA:106,7,0,2
BRDA:106,7,1,2
BRDA:111,8,0,1
BRF:14
BRH:13
end_of_record
TN:
SF:src\bot\state\GameStateValidator.ts
FN:36,(anonymous_0)
FN:43,(anonymous_1)
FN:50,(anonymous_2)
FN:61,(anonymous_3)
FN:69,(anonymous_4)
FN:71,(anonymous_5)
FN:77,(anonymous_6)
FN:89,(anonymous_7)
FN:106,(anonymous_8)
FN:129,(anonymous_9)
FN:141,(anonymous_10)
FN:146,(anonymous_11)
FN:158,(anonymous_12)
FNF:13
FNH:13
FNDA:23,(anonymous_0)
FNDA:91,(anonymous_1)
FNDA:7,(anonymous_2)
FNDA:23,(anonymous_3)
FNDA:17,(anonymous_4)
FNDA:31,(anonymous_5)
FNDA:13,(anonymous_6)
FNDA:23,(anonymous_7)
FNDA:23,(anonymous_8)
FNDA:21,(anonymous_9)
FNDA:21,(anonymous_10)
FNDA:4,(anonymous_11)
FNDA:19,(anonymous_12)
DA:13,2
DA:18,2
DA:37,23
DA:44,91
DA:51,7
DA:62,23
DA:63,0
DA:65,23
DA:70,17
DA:71,31
DA:77,13
DA:90,23
DA:108,23
DA:112,23
DA:113,2
DA:118,23
DA:130,21
DA:142,21
DA:146,4
DA:159,19
LF:20
LH:19
BRDA:62,0,0,0
BRDA:66,1,0,23
BRDA:66,1,1,21
BRDA:66,1,2,17
BRDA:66,1,3,14
BRDA:66,1,4,13
BRDA:71,2,0,31
BRDA:71,2,1,17
BRDA:91,3,0,23
BRDA:91,3,1,21
BRDA:91,3,2,0
BRDA:91,3,3,0
BRDA:108,4,0,23
BRDA:108,4,1,0
BRDA:108,5,0,23
BRDA:108,5,1,23
BRDA:108,6,0,0
BRDA:108,6,1,23
BRDA:108,7,0,23
BRDA:108,7,1,23
BRDA:108,8,0,0
BRDA:108,8,1,23
BRDA:108,9,0,23
BRDA:108,9,1,23
BRDA:112,10,0,2
BRDA:130,11,0,21
BRDA:130,11,1,19
BRDA:143,12,0,21
BRDA:143,12,1,8
BRDA:143,12,2,6
BRDA:143,12,3,5
BRDA:160,13,0,19
BRDA:160,13,1,4
BRDA:160,13,2,4
BRDA:160,13,3,3
BRF:35
BRH:29
end_of_record
TN:
SF:src\i18n\I18nProvider.ts
FN:30,(anonymous_1)
FN:37,(anonymous_2)
FN:46,(anonymous_3)
FN:82,(anonymous_4)
FN:87,(anonymous_5)
FN:99,(anonymous_6)
FN:104,(anonymous_7)
FNF:7
FNH:7
FNDA:18,(anonymous_1)
FNDA:234,(anonymous_2)
FNDA:10,(anonymous_3)
FNDA:17,(anonymous_4)
FNDA:6,(anonymous_5)
FNDA:40,(anonymous_6)
FNDA:184,(anonymous_7)
DA:1,8
DA:2,8
DA:11,8
DA:15,8
DA:19,8
DA:31,18
DA:32,18
DA:34,18
DA:37,234
DA:47,10
DA:48,10
DA:50,10
DA:51,3
DA:57,10
DA:58,10
DA:59,9
DA:62,8
DA:68,10
DA:69,2
DA:70,2
DA:83,17
DA:84,15
DA:86,15
DA:87,4
DA:88,6
DA:92,15
DA:94,2
DA:95,2
DA:104,40
DA:105,184
DA:106,184
LF:31
LH:31
BRDA:31,0,0,18
BRDA:31,0,1,0
BRDA:31,1,0,18
BRDA:31,1,1,18
BRDA:47,2,0,10
BRDA:47,2,1,0
BRDA:47,3,0,10
BRDA:47,3,1,10
BRDA:50,4,0,3
BRDA:50,5,0,10
BRDA:50,5,1,4
BRDA:50,5,2,4
BRDA:58,6,0,9
BRDA:68,7,0,2
BRDA:70,8,0,1
BRDA:70,8,1,1
BRDA:70,9,0,2
BRDA:70,9,1,2
BRDA:83,10,0,15
BRDA:83,10,1,2
BRDA:83,11,0,17
BRDA:83,11,1,16
BRDA:86,12,0,4
BRDA:101,13,0,8
BRDA:102,14,0,8
BRDA:106,15,0,32
BRDA:106,15,1,152
BRDA:106,16,0,0
BRDA:106,16,1,184
BRDA:106,17,0,184
BRDA:106,17,1,184
BRF:31
BRH:28
end_of_record
TN:
SF:src\i18n\localize.ts
FN:5,(anonymous_0)
FN:6,(anonymous_1)
FNF:2
FNH:2
FNDA:2,(anonymous_0)
FNDA:7,(anonymous_1)
DA:1,7
DA:3,7
DA:5,7
DA:6,7
DA:8,7
LF:5
LH:5
BRF:0
BRH:0
end_of_record
TN:
SF:src\tictactoe\AI.ts
FN:12,(anonymous_1)
FN:27,(anonymous_2)
FN:38,(anonymous_3)
FN:49,(anonymous_4)
FN:67,(anonymous_5)
FN:95,(anonymous_6)
FNF:6
FNH:0
FNDA:0,(anonymous_1)
FNDA:0,(anonymous_2)
FNDA:0,(anonymous_3)
FNDA:0,(anonymous_4)
FNDA:0,(anonymous_5)
FNDA:0,(anonymous_6)
DA:1,3
DA:4,3
DA:12,3
DA:16,0
DA:20,0
DA:28,0
DA:29,0
DA:31,0
DA:39,0
DA:50,0
DA:51,0
DA:55,0
DA:56,0
DA:58,0
DA:62,0
DA:63,0
DA:67,0
DA:68,0
DA:69,0
DA:70,0
DA:72,0
DA:73,0
DA:75,0
DA:76,0
DA:77,0
DA:80,0
DA:81,0
DA:87,0
DA:96,0
DA:97,0
DA:98,0
DA:100,0
DA:102,0
LF:33
LH:3
BRDA:28,0,0,0
BRDA:28,0,1,0
BRDA:55,1,0,0
BRDA:55,1,1,0
BRDA:62,2,0,0
BRDA:62,3,0,0
BRDA:62,3,1,0
BRDA:68,4,0,0
BRDA:75,5,0,0
BRDA:75,5,1,0
BRDA:76,6,0,0
BRDA:80,7,0,0
BRDA:96,8,0,0
BRDA:96,8,1,0
BRDA:98,9,0,0
BRDA:98,9,1,0
BRF:16
BRH:0
end_of_record
TN:
SF:src\tictactoe\Game.ts
FN:36,(anonymous_0)
FN:53,(anonymous_1)
FN:60,(anonymous_2)
FN:67,(anonymous_3)
FN:74,(anonymous_4)
FN:81,(anonymous_5)
FN:88,(anonymous_6)
FN:89,(anonymous_7)
FN:95,(anonymous_8)
FN:96,(anonymous_9)
FN:102,(anonymous_10)
FN:103,(anonymous_11)
FN:109,(anonymous_12)
FN:122,(anonymous_13)
FN:133,(anonymous_14)
FN:141,(anonymous_15)
FN:149,(anonymous_16)
FN:196,(anonymous_17)
FN:206,(anonymous_18)
FNF:19
FNH:19
FNDA:20,(anonymous_0)
FNDA:1915,(anonymous_1)
FNDA:1232,(anonymous_2)
FNDA:8,(anonymous_3)
FNDA:5,(anonymous_4)
FNDA:16,(anonymous_5)
FNDA:6,(anonymous_6)
FNDA:24,(anonymous_7)
FNDA:2,(anonymous_8)
FNDA:10,(anonymous_9)
FNDA:2,(anonymous_10)
FNDA:18,(anonymous_11)
FNDA:1,(anonymous_12)
FNDA:4,(anonymous_13)
FNDA:72,(anonymous_14)
FNDA:2,(anonymous_15)
FNDA:72,(anonymous_16)
FNDA:1415,(anonymous_17)
FNDA:547,(anonymous_18)
DA:1,2
DA:9,2
DA:37,20
DA:38,20
DA:39,20
DA:42,20
DA:45,20
DA:46,287
DA:54,1915
DA:61,1232
DA:68,8
DA:75,5
DA:82,16
DA:89,24
DA:96,10
DA:103,18
DA:110,1
DA:111,1
DA:112,9
DA:114,1
DA:123,4
DA:134,72
DA:135,72
DA:142,2
DA:151,72
DA:152,198
DA:153,198
DA:154,198
DA:156,198
DA:157,11
DA:162,61
DA:163,177
DA:164,177
DA:165,177
DA:167,177
DA:168,3
DA:173,58
DA:174,58
DA:175,58
DA:176,58
DA:177,58
DA:179,58
DA:180,1
DA:182,57
DA:183,3
DA:186,54
DA:197,1415
DA:207,547
LF:48
LH:48
BRDA:36,0,0,16
BRDA:42,1,0,10
BRDA:42,1,1,10
BRDA:68,2,0,8
BRDA:68,2,1,3
BRDA:123,3,0,4
BRDA:123,3,1,3
BRDA:156,4,0,11
BRDA:156,5,0,198
BRDA:156,5,1,31
BRDA:167,6,0,3
BRDA:167,7,0,177
BRDA:167,7,1,6
BRDA:179,8,0,1
BRDA:179,9,0,58
BRDA:179,9,1,5
BRDA:182,10,0,3
BRDA:182,11,0,57
BRDA:182,11,1,15
BRDA:208,12,0,547
BRDA:208,12,1,262
BRF:21
BRH:21
end_of_record
TN:
SF:src\tictactoe\Player.ts
FN:28,getOpponent
FNF:1
FNH:1
FNDA:2,getOpponent
DA:28,5
DA:29,2
DA:30,0
DA:31,2
DA:32,1
DA:34,1
LF:6
LH:5
BRDA:29,0,0,0
BRDA:29,0,1,2
BRDA:31,1,0,1
BRDA:31,1,1,1
BRF:4
BRH:3
end_of_record
